<?xml version="1.0" encoding="UTF-8"?>
<robot generator="Robot 6.0.2 (Python 3.11.3 on win32)" generated="20230510 10:22:23.386" rpa="false" schemaversion="3">
<suite id="s1" name="Test" source="d:\Users\martin.jautee\Documents\SII-OFFERS\test.robot">
<test id="s1-t1" name="Filtrage specifique" line="36">
<kw name="Connexion à la page">
<arg>${url}</arg>
<tag>Connexion à la page</tag>
<kw name="Connexion Page" library="prog_principal">
<arg>${url}</arg>
<doc>Ouvre une page web à l'aide de Selenium WebDriver.</doc>
<status status="PASS" starttime="20230510 10:22:23.687" endtime="20230510 10:22:25.533"/>
</kw>
<status status="PASS" starttime="20230510 10:22:23.686" endtime="20230510 10:22:25.533"/>
</kw>
<kw name="Split String" library="String">
<var>@{villes_def}</var>
<arg>${villes_def}</arg>
<arg>separator=,</arg>
<doc>Splits the ``string`` using ``separator`` as a delimiter string.</doc>
<msg timestamp="20230510 10:22:25.535" level="INFO">@{villes_def} = [ all ]</msg>
<status status="PASS" starttime="20230510 10:22:25.534" endtime="20230510 10:22:25.541"/>
</kw>
<kw name="Split String" library="String">
<var>@{auteurs_def}</var>
<arg>${auteurs_def}</arg>
<arg>separator=,</arg>
<doc>Splits the ``string`` using ``separator`` as a delimiter string.</doc>
<msg timestamp="20230510 10:22:25.543" level="INFO">@{auteurs_def} = [ all ]</msg>
<status status="PASS" starttime="20230510 10:22:25.542" endtime="20230510 10:22:25.543"/>
</kw>
<kw name="Split String" library="String">
<var>@{agences_def}</var>
<arg>${agences_def}</arg>
<arg>separator=,</arg>
<doc>Splits the ``string`` using ``separator`` as a delimiter string.</doc>
<msg timestamp="20230510 10:22:25.544" level="INFO">@{agences_def} = [ all ]</msg>
<status status="PASS" starttime="20230510 10:22:25.544" endtime="20230510 10:22:25.545"/>
</kw>
<kw name="Split String" library="String">
<var>@{statuts_def}</var>
<arg>${statuts_def}</arg>
<arg>separator=,</arg>
<doc>Splits the ``string`` using ``separator`` as a delimiter string.</doc>
<msg timestamp="20230510 10:22:25.547" level="INFO">@{statuts_def} = [ Unpublished ]</msg>
<status status="PASS" starttime="20230510 10:22:25.546" endtime="20230510 10:22:25.547"/>
</kw>
<kw name="Split String" library="String">
<var>@{dernier_editeurs_def}</var>
<arg>${dernier_editeurs_def}</arg>
<arg>separator=,</arg>
<doc>Splits the ``string`` using ``separator`` as a delimiter string.</doc>
<msg timestamp="20230510 10:22:25.549" level="INFO">@{dernier_editeurs_def} = [ all ]</msg>
<status status="PASS" starttime="20230510 10:22:25.548" endtime="20230510 10:22:25.549"/>
</kw>
<kw name="Filtrage des annonces">
<arg>${villes_def}</arg>
<arg>${auteurs_def}</arg>
<arg>${agences_def}</arg>
<arg>${statuts_def}</arg>
<arg>${dernier_editeurs_def}</arg>
<arg>${nb_jour}</arg>
<tag>Filtrage des annonces en fonction des élément placé en parametre</tag>
<kw name="Run Keyword" library="BuiltIn">
<var>${result}</var>
<arg>Filtre</arg>
<arg>${villes}</arg>
<arg>${auteurs}</arg>
<arg>${agences}</arg>
<arg>${status}</arg>
<arg>${dernier_editeurs}</arg>
<arg>${nb_jour}</arg>
<doc>Executes the given keyword with the given arguments.</doc>
<kw name="Filtre" library="prog_principal">
<arg>${villes}</arg>
<arg>${auteurs}</arg>
<arg>${agences}</arg>
<arg>${status}</arg>
<arg>${dernier_editeurs}</arg>
<arg>${nb_jour}</arg>
<doc>Cette fonction permet de filtrer les annonces contenu dans le fichier "data.json" à partir des différents filtres placés en parametre.
On peut choisir lorqu'on appel la fonction de ne pas renseigné de filtre ce qui selectionne par défaut toutes les annonces. 
On vérifie la présence des filtres en paramètre grâce au fichier 'filtres.json' et à la fonction "verif_elements_liste(element, liste)".</doc>
<msg timestamp="20230510 10:22:25.563" level="INFO">Villes non comprises dans le filtre. Utilisation des villes par défaut.
Auteurs non compris dans le filtre. Utilisation des auteurs par défaut.
Agences non comprises dans le filtre. Utilisation des agences par défaut.
éditeurs non compris dans le filtre. Utilisation des éditeurs par défaut.
[{'Agency': 'SII Ouest',
  'Author': 'mlemen',
  'Language': 'French (France)',
  'Last update by': 'mlemen',
  'Lieu': 'Rennes',
  'Référence': 'IQP35MLM',
  'Status': 'Unpublished',
  'Title': 'Chef de projet Qualité / Performance Opérationnelle IT (H/F)',
  'Updated Trier par ordre croissant': '03/04/2023 - 16:38',
  'lien republication': 'file:///D:/fr-FR/offer/republish/4653?destination=/fr-FR/admin/content/offers%3Ftitle%3D%26agency%3DAll%26sii_language%3DAll%26status%3DAll%26page%3D0'},
 {'Agency': 'SII Ouest',
  'Author': 'julia.luconi',
  'Language': 'French (France)',
  'Last update by': 'julia.luconi',
  'Lieu': 'Le Mans',
  'Référence': 'BIQA',
  'Status': 'Unpublished',
  'Title': 'Business Intelligence QA',
  'Updated Trier par ordre croissant': '03/04/2023 - 10:53',
  'lien republication': 'file:///D:/fr-FR/offer/republish/4087?destination=/fr-FR/admin/content/offers%3Ftitle%3D%26agency%3DAll%26sii_language%3DAll%26status%3DAll%26page%3D0'},
 {'Agency': 'SII Ouest',
  'Author': 'afromentoux',
  'Language': 'French (France)',
  'Last update by': 'afromentoux',
  'Lieu': 'Rennes',
  'Référence': 'STAGEBMRENAFR',
  'Status': 'Unpublished',
  'Title': 'Stagiaire Business Manager (H/F)',
  'Updated Trier par ordre croissant': '30/03/2023 - 10:32',
  'lien republication': 'file:///D:/fr-FR/offer/republish/3854?destination=/fr-FR/admin/content/offers%3Ftitle%3D%26agency%3DAll%26sii_language%3DAll%26status%3DAll%26page%3D0'},
 {'Agency': 'SII Ouest',
  'Author': 'afromentoux',
  'Language': 'French (France)',
  'Last update by': 'afromentoux',
  'Lieu': 'Rennes',
  'Référence': 'CACDIREN',
  'Status': 'Unpublished',
  'Title': "Chargé(e) d'Accueil (H/F)",
  'Updated Trier par ordre croissant': '30/03/2023 - 10:31',
  'lien republication': 'file:///D:/fr-FR/offer/republish/5039?destination=/fr-FR/admin/content/offers%3Ftitle%3D%26agency%3DAll%26sii_language%3DAll%26status%3DAll%26page%3D0'},
 {'Agency': 'SII Ouest',
  'Author': 'bjouault',
  'Language': 'French (France)',
  'Last update by': 'bjouault',
  'Lieu': 'Rennes',
  'Référence': 'STAGE-DEV',
  'Status': 'Unpublished',
  'Title': 'Développeur full stack Java/Angular Stagiaire (F/H)',
  'Updated Trier par ordre croissant': '28/02/2023 - 09:50',
  'lien republication': 'file:///D:/fr-FR/offer/republish/4666?destination=/fr-FR/admin/content/offers%3Ftitle%3D%26agency%3DAll%26sii_language%3DAll%26status%3DAll%26page%3D0'}]</msg>
<status status="PASS" starttime="20230510 10:22:25.551" endtime="20230510 10:22:25.564"/>
</kw>
<msg timestamp="20230510 10:22:25.564" level="INFO">${result} = [{'Title': 'Chef de projet Qualité / Performance Opérationnelle IT (H/F)', 'Référence': 'IQP35MLM', 'Agency': 'SII Ouest', 'Lieu': 'Rennes', 'Language': 'French (France)', 'Status': 'Unpublished', 'Au...</msg>
<status status="PASS" starttime="20230510 10:22:25.550" endtime="20230510 10:22:25.564"/>
</kw>
<kw name="Set Variable" library="BuiltIn">
<var>${liste}</var>
<arg>${result}</arg>
<doc>Returns the given values which can then be assigned to a variables.</doc>
<msg timestamp="20230510 10:22:25.565" level="INFO">${liste} = [{'Title': 'Chef de projet Qualité / Performance Opérationnelle IT (H/F)', 'Référence': 'IQP35MLM', 'Agency': 'SII Ouest', 'Lieu': 'Rennes', 'Language': 'French (France)', 'Status': 'Unpublished', 'Au...</msg>
<status status="PASS" starttime="20230510 10:22:25.565" endtime="20230510 10:22:25.566"/>
</kw>
<kw name="Set Suite Variable" library="BuiltIn">
<arg>${liste}</arg>
<doc>Makes a variable available everywhere within the scope of the current suite.</doc>
<msg timestamp="20230510 10:22:25.566" level="INFO">${liste} = [{'Title': 'Chef de projet Qualité / Performance Opérationnelle IT (H/F)', 'Référence': 'IQP35MLM', 'Agency': 'SII Ouest', 'Lieu': 'Rennes', 'Language': 'French (France)', 'Status': 'Unpublished', 'Au...</msg>
<status status="PASS" starttime="20230510 10:22:25.566" endtime="20230510 10:22:25.566"/>
</kw>
<status status="PASS" starttime="20230510 10:22:25.549" endtime="20230510 10:22:25.568"/>
</kw>
<kw name="Log" library="BuiltIn">
<arg>${liste}</arg>
<doc>Logs the given message with the given level.</doc>
<msg timestamp="20230510 10:22:25.569" level="INFO">[{'Title': 'Chef de projet Qualité / Performance Opérationnelle IT (H/F)', 'Référence': 'IQP35MLM', 'Agency': 'SII Ouest', 'Lieu': 'Rennes', 'Language': 'French (France)', 'Status': 'Unpublished', 'Author': 'mlemen', 'Updated Trier par ordre croissant': '03/04/2023 - 16:38', 'Last update by': 'mlemen', 'lien republication': 'file:///D:/fr-FR/offer/republish/4653?destination=/fr-FR/admin/content/offers%3Ftitle%3D%26agency%3DAll%26sii_language%3DAll%26status%3DAll%26page%3D0'}, {'Title': 'Business Intelligence QA', 'Référence': 'BIQA', 'Agency': 'SII Ouest', 'Lieu': 'Le Mans', 'Language': 'French (France)', 'Status': 'Unpublished', 'Author': 'julia.luconi', 'Updated Trier par ordre croissant': '03/04/2023 - 10:53', 'Last update by': 'julia.luconi', 'lien republication': 'file:///D:/fr-FR/offer/republish/4087?destination=/fr-FR/admin/content/offers%3Ftitle%3D%26agency%3DAll%26sii_language%3DAll%26status%3DAll%26page%3D0'}, {'Title': 'Stagiaire Business Manager (H/F)', 'Référence': 'STAGEBMRENAFR', 'Agency': 'SII Ouest', 'Lieu': 'Rennes', 'Language': 'French (France)', 'Status': 'Unpublished', 'Author': 'afromentoux', 'Updated Trier par ordre croissant': '30/03/2023 - 10:32', 'Last update by': 'afromentoux', 'lien republication': 'file:///D:/fr-FR/offer/republish/3854?destination=/fr-FR/admin/content/offers%3Ftitle%3D%26agency%3DAll%26sii_language%3DAll%26status%3DAll%26page%3D0'}, {'Title': "Chargé(e) d'Accueil (H/F)", 'Référence': 'CACDIREN', 'Agency': 'SII Ouest', 'Lieu': 'Rennes', 'Language': 'French (France)', 'Status': 'Unpublished', 'Author': 'afromentoux', 'Updated Trier par ordre croissant': '30/03/2023 - 10:31', 'Last update by': 'afromentoux', 'lien republication': 'file:///D:/fr-FR/offer/republish/5039?destination=/fr-FR/admin/content/offers%3Ftitle%3D%26agency%3DAll%26sii_language%3DAll%26status%3DAll%26page%3D0'}, {'Title': 'Développeur full stack Java/Angular Stagiaire (F/H)', 'Référence': 'STAGE-DEV', 'Agency': 'SII Ouest', 'Lieu': 'Rennes', 'Language': 'French (France)', 'Status': 'Unpublished', 'Author': 'bjouault', 'Updated Trier par ordre croissant': '28/02/2023 - 09:50', 'Last update by': 'bjouault', 'lien republication': 'file:///D:/fr-FR/offer/republish/4666?destination=/fr-FR/admin/content/offers%3Ftitle%3D%26agency%3DAll%26sii_language%3DAll%26status%3DAll%26page%3D0'}]</msg>
<status status="PASS" starttime="20230510 10:22:25.568" endtime="20230510 10:22:25.572"/>
</kw>
<kw name="Republication" library="prog_principal">
<arg>${liste}</arg>
<msg timestamp="20230510 10:22:25.931" level="INFO">action effectuée
action effectuée
action effectuée
action effectuée
action effectuée</msg>
<status status="PASS" starttime="20230510 10:22:25.573" endtime="20230510 10:22:25.931"/>
</kw>
<status status="PASS" starttime="20230510 10:22:23.685" endtime="20230510 10:22:25.933"/>
</test>
<status status="PASS" starttime="20230510 10:22:23.392" endtime="20230510 10:22:25.934"/>
</suite>
<statistics>
<total>
<stat pass="1" fail="0" skip="0">All Tests</stat>
</total>
<tag>
</tag>
<suite>
<stat pass="1" fail="0" skip="0" id="s1" name="Test">Test</stat>
</suite>
</statistics>
<errors>
</errors>
</robot>
