<?xml version="1.0" encoding="UTF-8"?>
<robot generator="Robot 6.0.2 (Python 3.11.3 on win32)" generated="20230613 22:20:40.996" rpa="false" schemaversion="3">
<suite id="s1" name="Test" source="d:\Users\martin.jautee\Documents\SII-OFFERS\test.robot">
<test id="s1-t1" name="Filtrage" line="30">
<kw name="Split String" library="String">
<var>@{villes_def}</var>
<arg>${villes_def}</arg>
<arg>separator=,</arg>
<doc>Splits the ``string`` using ``separator`` as a delimiter string.</doc>
<msg timestamp="20230613 22:20:41.347" level="INFO">@{villes_def} = [ all ]</msg>
<status status="PASS" starttime="20230613 22:20:41.347" endtime="20230613 22:20:41.350"/>
</kw>
<kw name="Split String" library="String">
<var>@{auteurs_def}</var>
<arg>${auteurs_def}</arg>
<arg>separator=,</arg>
<doc>Splits the ``string`` using ``separator`` as a delimiter string.</doc>
<msg timestamp="20230613 22:20:41.351" level="INFO">@{auteurs_def} = [ all ]</msg>
<status status="PASS" starttime="20230613 22:20:41.351" endtime="20230613 22:20:41.351"/>
</kw>
<kw name="Split String" library="String">
<var>@{agences_def}</var>
<arg>${agences_def}</arg>
<arg>separator=,</arg>
<doc>Splits the ``string`` using ``separator`` as a delimiter string.</doc>
<msg timestamp="20230613 22:20:41.352" level="INFO">@{agences_def} = [ all ]</msg>
<status status="PASS" starttime="20230613 22:20:41.352" endtime="20230613 22:20:41.352"/>
</kw>
<kw name="Split String" library="String">
<var>@{statuts_def}</var>
<arg>${statuts_def}</arg>
<arg>separator=,</arg>
<doc>Splits the ``string`` using ``separator`` as a delimiter string.</doc>
<msg timestamp="20230613 22:20:41.354" level="INFO">@{statuts_def} = [ all ]</msg>
<status status="PASS" starttime="20230613 22:20:41.353" endtime="20230613 22:20:41.354"/>
</kw>
<kw name="Split String" library="String">
<var>@{dernier_editeurs_def}</var>
<arg>${dernier_editeurs_def}</arg>
<arg>separator=,</arg>
<doc>Splits the ``string`` using ``separator`` as a delimiter string.</doc>
<msg timestamp="20230613 22:20:41.355" level="INFO">@{dernier_editeurs_def} = [ all ]</msg>
<status status="PASS" starttime="20230613 22:20:41.355" endtime="20230613 22:20:41.356"/>
</kw>
<kw name="Filtre" library="prog_principal">
<var>${liste}</var>
<arg>${villes_def}</arg>
<arg>${auteurs_def}</arg>
<arg>${agences_def}</arg>
<arg>${statuts_def}</arg>
<arg>${dernier_editeurs_def}</arg>
<arg>${nb_jour}</arg>
<doc>Cette fonction permet de filtrer les annonces contenu dans le fichier "data.json" à partir des différents filtres placés en parametre.
On peut choisir lorqu'on appel la fonction de ne pas renseigné de filtre ce qui selectionne par défaut toutes les annonces. 
On vérifie la présence des filtres en paramètre grâce au fichier 'filtres.json' et à la fonction "verif_elements_liste(element, liste)".</doc>
<msg timestamp="20230613 22:20:41.367" level="INFO">Villes non comprises dans le filtre. Utilisation des villes par défaut.
Auteurs non compris dans le filtre. Utilisation des auteurs par défaut.
Agences non comprises dans le filtre. Utilisation des agences par défaut.
Statuts non compris dans le filtre. Utilisation des statuts par défaut.
éditeurs non compris dans le filtre. Utilisation des éditeurs par défaut.</msg>
<msg timestamp="20230613 22:20:41.368" level="INFO">${liste} = [{'Title': 'Chef de projet expérimenté Infrastructure H/F', 'Référence': 'CPEHLE', 'Agency': 'SII Ouest', 'Lieu': 'Rennes', 'Language': 'French (France)', 'Status': 'Published', 'Author': 'hlefevre', ...</msg>
<status status="PASS" starttime="20230613 22:20:41.356" endtime="20230613 22:20:41.368"/>
</kw>
<status status="PASS" starttime="20230613 22:20:41.346" endtime="20230613 22:20:41.369"/>
</test>
<status status="PASS" starttime="20230613 22:20:41.003" endtime="20230613 22:20:41.371"/>
</suite>
<statistics>
<total>
<stat pass="1" fail="0" skip="0">All Tests</stat>
</total>
<tag>
</tag>
<suite>
<stat pass="1" fail="0" skip="0" id="s1" name="Test">Test</stat>
</suite>
</statistics>
<errors>
</errors>
</robot>
