<?xml version="1.0" encoding="UTF-8"?>
<robot generator="Robot 6.0.2 (Python 3.11.3 on win32)" generated="20230504 11:19:47.919" rpa="false" schemaversion="3">
<suite id="s1" name="Test" source="d:\Users\martin.jautee\Documents\SII-OFFERS\test.robot">
<test id="s1-t1" name="Filtrage specifique" line="31">
<kw name="Split String" library="String">
<var>@{villes_def}</var>
<arg>${villes_def}</arg>
<arg>separator=,</arg>
<doc>Splits the ``string`` using ``separator`` as a delimiter string.</doc>
<msg timestamp="20230504 11:19:48.205" level="INFO">@{villes_def} = [ all ]</msg>
<status status="PASS" starttime="20230504 11:19:48.205" endtime="20230504 11:19:48.210"/>
</kw>
<kw name="Split String" library="String">
<var>@{auteurs_def}</var>
<arg>${auteurs_def}</arg>
<arg>separator=,</arg>
<doc>Splits the ``string`` using ``separator`` as a delimiter string.</doc>
<msg timestamp="20230504 11:19:48.211" level="INFO">@{auteurs_def} = [ all ]</msg>
<status status="PASS" starttime="20230504 11:19:48.211" endtime="20230504 11:19:48.212"/>
</kw>
<kw name="Split String" library="String">
<var>@{agences_def}</var>
<arg>${agences_def}</arg>
<arg>separator=,</arg>
<doc>Splits the ``string`` using ``separator`` as a delimiter string.</doc>
<msg timestamp="20230504 11:19:48.213" level="INFO">@{agences_def} = [ all ]</msg>
<status status="PASS" starttime="20230504 11:19:48.213" endtime="20230504 11:19:48.213"/>
</kw>
<kw name="Split String" library="String">
<var>@{statuts_def}</var>
<arg>${statuts_def}</arg>
<arg>separator=,</arg>
<doc>Splits the ``string`` using ``separator`` as a delimiter string.</doc>
<msg timestamp="20230504 11:19:48.215" level="INFO">@{statuts_def} = [ all ]</msg>
<status status="PASS" starttime="20230504 11:19:48.214" endtime="20230504 11:19:48.215"/>
</kw>
<kw name="Split String" library="String">
<var>@{dernier_editeurs_def}</var>
<arg>${dernier_editeurs_def}</arg>
<arg>separator=,</arg>
<doc>Splits the ``string`` using ``separator`` as a delimiter string.</doc>
<msg timestamp="20230504 11:19:48.216" level="INFO">@{dernier_editeurs_def} = [ all ]</msg>
<status status="PASS" starttime="20230504 11:19:48.216" endtime="20230504 11:19:48.216"/>
</kw>
<kw name="Filtrage des annonces">
<arg>${villes_def}</arg>
<arg>${auteurs_def}</arg>
<arg>${agences_def}</arg>
<arg>${statuts_def}</arg>
<arg>${dernier_editeurs_def}</arg>
<arg>${nb_jour}</arg>
<tag>Filtrage des annonces en fonction des élément placé en parametre</tag>
<kw name="Filtre" library="prog_principal">
<var>${result}</var>
<arg>${villes}</arg>
<arg>${auteurs}</arg>
<arg>${agences}</arg>
<arg>${status}</arg>
<arg>${dernier_editeurs}</arg>
<arg>${nb_jour}</arg>
<doc>Cette fonction permet de filtrer les annonces contenu dans le fichier "data.json" à partir des différents filtres placés en parametre.
On peut choisir lorqu'on appel la fonction de ne pas renseigné de filtre ce qui selectionne par défaut toutes les annonces. 
On vérifie la présence des filtres en paramètre grâce au fichier 'filtres.json' et à la fonction "verif_elements_liste(element, liste)".</doc>
<msg timestamp="20230504 11:19:48.235" level="INFO">Villes non comprises dans le filtre. Utilisation des villes par défaut.
Auteurs non compris dans le filtre. Utilisation des auteurs par défaut.
Agences non comprises dans le filtre. Utilisation des agences par défaut.
Statuts non compris dans le filtre. Utilisation des statuts par défaut.
éditeurs non compris dans le filtre. Utilisation des éditeurs par défaut.
[{'Agency': 'SII Ouest',
  'Author': 'hlefevre',
  'Language': 'French (France)',
  'Last update by': 'timothee.potier',
  'Lieu': 'Rennes',
  'Référence': 'CPEHLE',
  'Status': 'Published',
  'Title': 'Chef de projet expérimenté Infrastructure H/F',
  'Updated Trier par ordre croissant': '12/04/2023 - 16:29',
  'lien republication': '/fr-FR/offer/republish/2010?destination=/fr-FR/admin/content/offers%3Ftitle%3D%26agency%3DAll%26sii_language%3DAll%26status%3DAll%26page%3D0',
  'lien suppression': '/fr-FR/node/2010/delete?destination=/fr-FR/admin/content/offers%3Ftitle%3D%26agency%3DAll%26sii_language%3DAll%26status%3DAll%26page%3D0'},
 {'Agency': 'SII Ouest',
  'Author': 'timothee.potier',
  'Language': 'French (France)',
  'Last update by': 'timothee.potier',
  'Lieu': 'Lannion',
  'Référence': 'TP22PHP',
  'Status': 'Published',
  'Title': 'Développeur PHP H/F',
  'Updated Trier par ordre croissant': '12/04/2023 - 16:12',
  'lien republication': '/fr-FR/offer/republish/4979?destination=/fr-FR/admin/content/offers%3Ftitle%3D%26agency%3DAll%26sii_language%3DAll%26status%3DAll%26page%3D0',
  'lien suppression': '/fr-FR/node/4979/delete?destination=/fr-FR/admin/content/offers%3Ftitle%3D%26agency%3DAll%26sii_language%3DAll%26status%3DAll%26page%3D0'},
 {'Agency': 'SII Ouest',
  'Author': 'timothee.potier',
  'Language': 'French (France)',
  'Last update by': 'timothee.potier',
  'Lieu': 'Lannion',
  'Référence': 'TPDEVC22',
  'Status': 'Published',
  'Title': 'Développeur C (H/F)',
  'Updated Trier par ordre croissant': '12/04/2023 - 16:12',
  'lien republication': '/fr-FR/offer/republish/4304?destination=/fr-FR/admin/content/offers%3Ftitle%3D%26agency%3DAll%26sii_language%3DAll%26status%3DAll%26page%3D0',
  'lien suppression': '/fr-FR/node/4304/delete?destination=/fr-FR/admin/content/offers%3Ftitle%3D%26agency%3DAll%26sii_language%3DAll%26status%3DAll%26page%3D0'},
 {'Agency': 'SII Ouest',
  'Author': 'timothee.potier',
  'Language': 'French (France)',
  'Last update by': 'timothee.potier',
  'Lieu': 'Lannion',
  'Référence': 'TPDEVOPS22',
  'Status': 'Published',
  'Title': 'Ingénieur DevOps (H/F)',
  'Updated Trier par ordre croissant': '12/04/2023 - 10:55',
  'lien republication': '/fr-FR/offer/republish/5102?destination=/fr-FR/admin/content/offers%3Ftitle%3D%26agency%3DAll%26sii_language%3DAll%26status%3DAll%26page%3D0',
  'lien suppression': '/fr-FR/node/5102/delete?destination=/fr-FR/admin/content/offers%3Ftitle%3D%26agency%3DAll%26sii_language%3DAll%26status%3DAll%26page%3D0'},
 {'Agency': 'SII Ouest',
  'Author': 'timothee.potier',
  'Language': 'French (France)',
  'Last update by': 'timothee.potier',
  'Lieu': 'Lannion',
  'Référence': 'TPTEST22',
  'Status': 'Published',
  'Title': 'Ingénieur Test Fonctionnel (H/F)',
  'Updated Trier par ordre croissant': '12/04/2023 - 10:55',
  'lien republication': '/fr-FR/offer/republish/4305?destination=/fr-FR/admin/content/offers%3Ftitle%3D%26agency%3DAll%26sii_language%3DAll%26status%3DAll%26page%3D0',
  'lien suppression': '/fr-FR/node/4305/delete?destination=/fr-FR/admin/content/offers%3Ftitle%3D%26agency%3DAll%26sii_language%3DAll%26status%3DAll%26page%3D0'},
 {'Agency': 'SII Ouest',
  'Author': 'afromentoux',
  'Language': 'French (France)',
  'Last update by': 'afromentoux',
  'Lieu': 'Rennes',
  'Référence': 'CRHCRENN',
  'Status': 'Published',
  'Title': 'Chargé(e) de Ressources Humaines Confirmé(e) (H/F)',
  'Updated Trier par ordre croissant': '07/04/2023 - 16:36',
  'lien republication': '/fr-FR/offer/republish/5199?destination=/fr-FR/admin/content/offers%3Ftitle%3D%26agency%3DAll%26sii_language%3DAll%26status%3DAll%26page%3D0',
  'lien suppression': '/fr-FR/node/5199/delete?destination=/fr-FR/admin/content/offers%3Ftitle%3D%26agency%3DAll%26sii_language%3DAll%26status%3DAll%26page%3D0'},
 {'Agency': 'SII Ouest',
  'Author': 'marjorie.lhostis',
  'Language': 'French (France)',
  'Last update by': 'marjorie.lhostis',
  'Lieu': 'Brest',
  'Référence': 'AMOA29',
  'Status': 'Published',
  'Title': 'Consultant AMOA H/F',
  'Updated Trier par ordre croissant': '04/04/2023 - 17:10',
  'lien republication': '/fr-FR/offer/republish/1719?destination=/fr-FR/admin/content/offers%3Ftitle%3D%26agency%3DAll%26sii_language%3DAll%26status%3DAll%26page%3D0',
  'lien suppression': '/fr-FR/node/1719/delete?destination=/fr-FR/admin/content/offers%3Ftitle%3D%26agency%3DAll%26sii_language%3DAll%26status%3DAll%26page%3D0'},
 {'Agency': 'SII Ouest',
  'Author': 'marjorie.lhostis',
  'Language': 'French (France)',
  'Last update by': 'marjorie.lhostis',
  'Lieu': 'Brest',
  'Référence': 'IDJ2997',
  'Status': 'Published',
  'Title': 'Ingénieur Développement Java EE expérimenté H/F',
  'Updated Trier par ordre croissant': '04/04/2023 - 17:10',
  'lien republication': '/fr-FR/offer/republish/1686?destination=/fr-FR/admin/content/offers%3Ftitle%3D%26agency%3DAll%26sii_language%3DAll%26status%3DAll%26page%3D0',
  'lien suppression': '/fr-FR/node/1686/delete?destination=/fr-FR/admin/content/offers%3Ftitle%3D%26agency%3DAll%26sii_language%3DAll%26status%3DAll%26page%3D0'},
 {'Agency': 'SII Ouest',
  'Author': 'Anonymous (non vérifié)',
  'Language': 'French (France)',
  'Last update by': 'marjorie.lhostis',
  'Lieu': 'Brest',
  'Référence': 'CSWAT29',
  'Status': 'Published',
  'Title': 'Consultant SI/Cloud H/F',
  'Updated Trier par ordre croissant': '04/04/2023 - 17:09',
  'lien republication': '/fr-FR/offer/republish/2401?destination=/fr-FR/admin/content/offers%3Ftitle%3D%26agency%3DAll%26sii_language%3DAll%26status%3DAll%26page%3D0',
  'lien suppression': '/fr-FR/node/2401/delete?destination=/fr-FR/admin/content/offers%3Ftitle%3D%26agency%3DAll%26sii_language%3DAll%26status%3DAll%26page%3D0'},
 {'Agency': 'SII Ouest',
  'Author': 'marjorie.lhostis',
  'Language': 'French (France)',
  'Last update by': 'marjorie.lhostis',
  'Lieu': 'Brest',
  'Référence': 'BA29',
  'Status': 'Published',
  'Title': 'Business Analyst H/F',
  'Updated Trier par ordre croissant': '04/04/2023 - 17:09',
  'lien republication': '/fr-FR/offer/republish/2588?destination=/fr-FR/admin/content/offers%3Ftitle%3D%26agency%3DAll%26sii_language%3DAll%26status%3DAll%26page%3D0',
  'lien suppression': '/fr-FR/node/2588/delete?destination=/fr-FR/admin/content/offers%3Ftitle%3D%26agency%3DAll%26sii_language%3DAll%26status%3DAll%26page%3D0'},
 {'Agency': 'SII Ouest',
  'Author': 'marjorie.lhostis',
  'Language': 'French (France)',
  'Last update by': 'marjorie.lhostis',
  'Lieu': 'Brest',
  'Référence': 'CDP29D',
  'Status': 'Published',
  'Title': 'Chef de projet H/F',
  'Updated Trier par ordre croissant': '04/04/2023 - 17:08',
  'lien republication': '/fr-FR/offer/republish/2503?destination=/fr-FR/admin/content/offers%3Ftitle%3D%26agency%3DAll%26sii_language%3DAll%26status%3DAll%26page%3D0',
  'lien suppression': '/fr-FR/node/2503/delete?destination=/fr-FR/admin/content/offers%3Ftitle%3D%26agency%3DAll%26sii_language%3DAll%26status%3DAll%26page%3D0'},
 {'Agency': 'SII Ouest',
  'Author': 'marjorie.lhostis',
  'Language': 'French (France)',
  'Last update by': 'marjorie.lhostis',
  'Lieu': 'Brest',
  'Référence': 'PO29',
  'Status': 'Published',
  'Title': 'Product Owner H/F',
  'Updated Trier par ordre croissant': '04/04/2023 - 17:07',
  'lien republication': '/fr-FR/offer/republish/2867?destination=/fr-FR/admin/content/offers%3Ftitle%3D%26agency%3DAll%26sii_language%3DAll%26status%3DAll%26page%3D0',
  'lien suppression': '/fr-FR/node/2867/delete?destination=/fr-FR/admin/content/offers%3Ftitle%3D%26agency%3DAll%26sii_language%3DAll%26status%3DAll%26page%3D0'},
 {'Agency': 'SII Ouest',
  'Author': 'Admin-lqSbNvM-…',
  'Language': 'French (France)',
  'Last update by': 'marjorie.lhostis',
  'Lieu': 'Brest',
  'Référence': 'CDPD2901',
  'Status': 'Published',
  'Title': 'Chef de projet H/F',
  'Updated Trier par ordre croissant': '04/04/2023 - 17:07',
  'lien republication': '/fr-FR/offer/republish/1566?destination=/fr-FR/admin/content/offers%3Ftitle%3D%26agency%3DAll%26sii_language%3DAll%26status%3DAll%26page%3D0',
  'lien suppression': '/fr-FR/node/1566/delete?destination=/fr-FR/admin/content/offers%3Ftitle%3D%26agency%3DAll%26sii_language%3DAll%26status%3DAll%26page%3D0'},
 {'Agency': 'SII Ouest',
  'Author': 'marjorie.lhostis',
  'Language': 'French (France)',
  'Last update by': 'marjorie.lhostis',
  'Lieu': 'Brest',
  'Référence': 'INDEVOPS29',
  'Status': 'Published',
  'Title': 'Consultant DEVOPS H/F',
  'Updated Trier par ordre croissant': '04/04/2023 - 17:06',
  'lien republication': '/fr-FR/offer/republish/2104?destination=/fr-FR/admin/content/offers%3Ftitle%3D%26agency%3DAll%26sii_language%3DAll%26status%3DAll%26page%3D0',
  'lien suppression': '/fr-FR/node/2104/delete?destination=/fr-FR/admin/content/offers%3Ftitle%3D%26agency%3DAll%26sii_language%3DAll%26status%3DAll%26page%3D0'},
 {'Agency': 'SII Ouest',
  'Author': 'Anonymous (non vérifié)',
  'Language': 'French (France)',
  'Last update by': 'marjorie.lhostis',
  'Lieu': 'Brest',
  'Référence': 'DEVFULLSTACK29',
  'Status': 'Published',
  'Title': 'Ingénieur développement Full Stack H/F',
  'Updated Trier par ordre croissant': '04/04/2023 - 17:06',
  'lien republication': '/fr-FR/offer/republish/2404?destination=/fr-FR/admin/content/offers%3Ftitle%3D%26agency%3DAll%26sii_language%3DAll%26status%3DAll%26page%3D0',
  'lien suppression': '/fr-FR/node/2404/delete?destination=/fr-FR/admin/content/offers%3Ftitle%3D%26agency%3DAll%26sii_language%3DAll%26status%3DAll%26page%3D0'},
 {'Agency': 'SII Ouest',
  'Author': 'marjorie.lhostis',
  'Language': 'French (France)',
  'Last update by': 'marjorie.lhostis',
  'Lieu': 'Brest',
  'Référence': 'ADBDD29',
  'Status': 'Published',
  'Title': 'DBA | Administrateur bases de données H/F',
  'Updated Trier par ordre croissant': '04/04/2023 - 17:06',
  'lien republication': '/fr-FR/offer/republish/3453?destination=/fr-FR/admin/content/offers%3Ftitle%3D%26agency%3DAll%26sii_language%3DAll%26status%3DAll%26page%3D0',
  'lien suppression': '/fr-FR/node/3453/delete?destination=/fr-FR/admin/content/offers%3Ftitle%3D%26agency%3DAll%26sii_language%3DAll%26status%3DAll%26page%3D0'},
 {'Agency': 'SII Ouest',
  'Author': 'marjorie.lhostis',
  'Language': 'French (France)',
  'Last update by': 'marjorie.lhostis',
  'Lieu': 'Brest',
  'Référence': 'TEST29',
  'Status': 'Published',
  'Title': 'Testeur Logiciel H/F',
  'Updated Trier par ordre croissant': '04/04/2023 - 17:06',
  'lien republication': '/fr-FR/offer/republish/4805?destination=/fr-FR/admin/content/offers%3Ftitle%3D%26agency%3DAll%26sii_language%3DAll%26status%3DAll%26page%3D0',
  'lien suppression': '/fr-FR/node/4805/delete?destination=/fr-FR/admin/content/offers%3Ftitle%3D%26agency%3DAll%26sii_language%3DAll%26status%3DAll%26page%3D0'},
 {'Agency': 'SII Ouest',
  'Author': 'marjorie.lhostis',
  'Language': 'French (France)',
  'Last update by': 'marjorie.lhostis',
  'Lieu': 'Brest',
  'Référence': 'AIS29103',
  'Status': 'Published',
  'Title': 'Administrateur Infrastructure Systèmes H/F',
  'Updated Trier par ordre croissant': '04/04/2023 - 17:04',
  'lien republication': '/fr-FR/offer/republish/1687?destination=/fr-FR/admin/content/offers%3Ftitle%3D%26agency%3DAll%26sii_language%3DAll%26status%3DAll%26page%3D0',
  'lien suppression': '/fr-FR/node/1687/delete?destination=/fr-FR/admin/content/offers%3Ftitle%3D%26agency%3DAll%26sii_language%3DAll%26status%3DAll%26page%3D0'},
 {'Agency': 'SII Ouest',
  'Author': 'Anonymous (non vérifié)',
  'Language': 'French (France)',
  'Last update by': 'marjorie.lhostis',
  'Lieu': 'Brest',
  'Référence': 'DEVKOTLIN',
  'Status': 'Published',
  'Title': 'Ingénieur développement Kotlin/Java H/F',
  'Updated Trier par ordre croissant': '04/04/2023 - 17:04',
  'lien republication': '/fr-FR/offer/republish/2403?destination=/fr-FR/admin/content/offers%3Ftitle%3D%26agency%3DAll%26sii_language%3DAll%26status%3DAll%26page%3D0',
  'lien suppression': '/fr-FR/node/2403/delete?destination=/fr-FR/admin/content/offers%3Ftitle%3D%26agency%3DAll%26sii_language%3DAll%26status%3DAll%26page%3D0'},
 {'Agency': 'SII Ouest',
  'Author': 'marjorie.lhostis',
  'Language': 'French (France)',
  'Last update by': 'marjorie.lhostis',
  'Lieu': 'Brest',
  'Référence': 'DEVJAVACL29',
  'Status': 'Published',
  'Title': 'Ingénieur Développement Java (client lourd) H/F',
  'Updated Trier par ordre croissant': '04/04/2023 - 17:02',
  'lien republication': '/fr-FR/offer/republish/2872?destination=/fr-FR/admin/content/offers%3Ftitle%3D%26agency%3DAll%26sii_language%3DAll%26status%3DAll%26page%3D0',
  'lien suppression': '/fr-FR/node/2872/delete?destination=/fr-FR/admin/content/offers%3Ftitle%3D%26agency%3DAll%26sii_language%3DAll%26status%3DAll%26page%3D0'},
 {'Agency': 'SII Ouest',
  'Author': 'mlemen',
  'Language': 'French (France)',
  'Last update by': 'mlemen',
  'Lieu': 'Rennes',
  'Référence': 'CTPE35',
  'Status': 'Published',
  'Title': 'Architecte Testing (h/f)',
  'Updated Trier par ordre croissant': '03/04/2023 - 16:39',
  'lien republication': '/fr-FR/offer/republish/4336?destination=/fr-FR/admin/content/offers%3Ftitle%3D%26agency%3DAll%26sii_language%3DAll%26status%3DAll%26page%3D0',
  'lien suppression': '/fr-FR/node/4336/delete?destination=/fr-FR/admin/content/offers%3Ftitle%3D%26agency%3DAll%26sii_language%3DAll%26status%3DAll%26page%3D0'},
 {'Agency': 'SII Ouest',
  'Author': 'mlemen',
  'Language': 'French (France)',
  'Last update by': 'mlemen',
  'Lieu': 'Rennes',
  'Référence': 'ABDMLM35',
  'Status': 'Published',
  'Title': 'Architecte Big Data H/F',
  'Updated Trier par ordre croissant': '03/04/2023 - 16:39',
  'lien republication': '/fr-FR/offer/republish/4842?destination=/fr-FR/admin/content/offers%3Ftitle%3D%26agency%3DAll%26sii_language%3DAll%26status%3DAll%26page%3D0',
  'lien suppression': '/fr-FR/node/4842/delete?destination=/fr-FR/admin/content/offers%3Ftitle%3D%26agency%3DAll%26sii_language%3DAll%26status%3DAll%26page%3D0'},
 {'Agency': 'SII Ouest',
  'Author': 'mlemen',
  'Language': 'French (France)',
  'Last update by': 'mlemen',
  'Lieu': 'Rennes',
  'Référence': 'IQP35MLM',
  'Status': 'Unpublished',
  'Title': 'Chef de projet Qualité / Performance Opérationnelle IT (H/F)',
  'Updated Trier par ordre croissant': '03/04/2023 - 16:38',
  'lien republication': '/fr-FR/offer/republish/4653?destination=/fr-FR/admin/content/offers%3Ftitle%3D%26agency%3DAll%26sii_language%3DAll%26status%3DAll%26page%3D0'},
 {'Agency': 'SII Ouest',
  'Author': 'julia.luconi',
  'Language': 'French (France)',
  'Last update by': 'julia.luconi',
  'Lieu': 'Le Mans',
  'Référence': 'ALT BD',
  'Status': 'Published',
  'Title': 'Développeur Big Data en alternance H/F',
  'Updated Trier par ordre croissant': '03/04/2023 - 10:58',
  'lien republication': '/fr-FR/offer/republish/2747?destination=/fr-FR/admin/content/offers%3Ftitle%3D%26agency%3DAll%26sii_language%3DAll%26status%3DAll%26page%3D0',
  'lien suppression': '/fr-FR/node/2747/delete?destination=/fr-FR/admin/content/offers%3Ftitle%3D%26agency%3DAll%26sii_language%3DAll%26status%3DAll%26page%3D0'},
 {'Agency': 'SII Ouest',
  'Author': 'julia.luconi',
  'Language': 'French (France)',
  'Last update by': 'julia.luconi',
  'Lieu': 'Le Mans',
  'Référence': 'BIQA',
  'Status': 'Unpublished',
  'Title': 'Business Intelligence QA',
  'Updated Trier par ordre croissant': '03/04/2023 - 10:53',
  'lien republication': '/fr-FR/offer/republish/4087?destination=/fr-FR/admin/content/offers%3Ftitle%3D%26agency%3DAll%26sii_language%3DAll%26status%3DAll%26page%3D0'},
 {'Agency': 'SII Ouest',
  'Author': 'afromentoux',
  'Language': 'French (France)',
  'Last update by': 'afromentoux',
  'Lieu': 'Rennes',
  'Référence': 'STAGEBMRENAFR',
  'Status': 'Unpublished',
  'Title': 'Stagiaire Business Manager (H/F)',
  'Updated Trier par ordre croissant': '30/03/2023 - 10:32',
  'lien republication': '/fr-FR/offer/republish/3854?destination=/fr-FR/admin/content/offers%3Ftitle%3D%26agency%3DAll%26sii_language%3DAll%26status%3DAll%26page%3D0'},
 {'Agency': 'SII Ouest',
  'Author': 'afromentoux',
  'Language': 'French (France)',
  'Last update by': 'afromentoux',
  'Lieu': 'Rennes',
  'Référence': 'CACDIREN',
  'Status': 'Unpublished',
  'Title': "Chargé(e) d'Accueil (H/F)",
  'Updated Trier par ordre croissant': '30/03/2023 - 10:31',
  'lien republication': '/fr-FR/offer/republish/5039?destination=/fr-FR/admin/content/offers%3Ftitle%3D%26agency%3DAll%26sii_language%3DAll%26status%3DAll%26page%3D0'},
 {'Agency': 'SII Ouest',
  'Author': 'julia.luconi',
  'Language': 'French (France)',
  'Last update by': 'julia.luconi',
  'Lieu': 'Le Mans',
  'Référence': 'LM ANDROID',
  'Status': 'Published',
  'Title': 'Ingénieur développement mobile H/F',
  'Updated Trier par ordre croissant': '27/03/2023 - 14:26',
  'lien republication': '/fr-FR/offer/republish/3597?destination=/fr-FR/admin/content/offers%3Ftitle%3D%26agency%3DAll%26sii_language%3DAll%26status%3DAll%26page%3D0',
  'lien suppression': '/fr-FR/node/3597/delete?destination=/fr-FR/admin/content/offers%3Ftitle%3D%26agency%3DAll%26sii_language%3DAll%26status%3DAll%26page%3D0'},
 {'Agency': 'SII Ouest',
  'Author': 'afromentoux',
  'Language': 'French (France)',
  'Last update by': 'afromentoux',
  'Lieu': 'Rennes',
  'Référence': 'RITHLF',
  'Status': 'Published',
  'Title': 'Responsable IT Interne (H/F)',
  'Updated Trier par ordre croissant': '23/03/2023 - 09:13',
  'lien republication': '/fr-FR/offer/republish/3000?destination=/fr-FR/admin/content/offers%3Ftitle%3D%26agency%3DAll%26sii_language%3DAll%26status%3DAll%26page%3D0',
  'lien suppression': '/fr-FR/node/3000/delete?destination=/fr-FR/admin/content/offers%3Ftitle%3D%26agency%3DAll%26sii_language%3DAll%26status%3DAll%26page%3D0'},
 {'Agency': 'SII Ouest',
  'Author': 'julia.luconi',
  'Language': 'French (France)',
  'Last update by': 'julia.luconi',
  'Lieu': 'Le Mans',
  'Référence': 'MIT',
  'Status': 'Published',
  'Title': 'Manager IT H/F',
  'Updated Trier par ordre croissant': '21/03/2023 - 18:15',
  'lien republication': '/fr-FR/offer/republish/3847?destination=/fr-FR/admin/content/offers%3Ftitle%3D%26agency%3DAll%26sii_language%3DAll%26status%3DAll%26page%3D0',
  'lien suppression': '/fr-FR/node/3847/delete?destination=/fr-FR/admin/content/offers%3Ftitle%3D%26agency%3DAll%26sii_language%3DAll%26status%3DAll%26page%3D0'},
 {'Agency': 'SII Ouest',
  'Author': 'bjouault',
  'Language': 'French (France)',
  'Last update by': 'margaux.veuillot',
  'Lieu': 'Rennes',
  'Référence': 'DEVMOB35/MVE',
  'Status': 'Published',
  'Title': 'Développeurs mobile iOS et Android (H/F)',
  'Updated Trier par ordre croissant': '21/03/2023 - 11:18',
  'lien republication': '/fr-FR/offer/republish/5121?destination=/fr-FR/admin/content/offers%3Ftitle%3D%26agency%3DAll%26sii_language%3DAll%26status%3DAll%26page%3D0',
  'lien suppression': '/fr-FR/node/5121/delete?destination=/fr-FR/admin/content/offers%3Ftitle%3D%26agency%3DAll%26sii_language%3DAll%26status%3DAll%26page%3D0'},
 {'Agency': 'SII Ouest',
  'Author': 'afromentoux',
  'Language': 'French (France)',
  'Last update by': 'afromentoux',
  'Lieu': 'Brest',
  'Référence': 'RCOBREST',
  'Status': 'Published',
  'Title': 'Responsable Commercial SII Brest (H/F)',
  'Updated Trier par ordre croissant': '21/03/2023 - 10:28',
  'lien republication': '/fr-FR/offer/republish/5120?destination=/fr-FR/admin/content/offers%3Ftitle%3D%26agency%3DAll%26sii_language%3DAll%26status%3DAll%26page%3D0',
  'lien suppression': '/fr-FR/node/5120/delete?destination=/fr-FR/admin/content/offers%3Ftitle%3D%26agency%3DAll%26sii_language%3DAll%26status%3DAll%26page%3D0'},
 {'Agency': 'SII Ouest',
  'Author': 'bjouault',
  'Language': 'French (France)',
  'Last update by': 'margaux.veuillot',
  'Lieu': 'Rennes',
  'Référence': 'DEVFS35/MVE',
  'Status': 'Published',
  'Title': 'Développeur Full Stack Java/Angular (H/F)',
  'Updated Trier par ordre croissant': '15/03/2023 - 14:30',
  'lien republication': '/fr-FR/offer/republish/2526?destination=/fr-FR/admin/content/offers%3Ftitle%3D%26agency%3DAll%26sii_language%3DAll%26status%3DAll%26page%3D0',
  'lien suppression': '/fr-FR/node/2526/delete?destination=/fr-FR/admin/content/offers%3Ftitle%3D%26agency%3DAll%26sii_language%3DAll%26status%3DAll%26page%3D0'},
 {'Agency': 'SII Ouest',
  'Author': 'margaux.veuillot',
  'Language': 'French (France)',
  'Last update by': 'margaux.veuillot',
  'Lieu': 'Rennes',
  'Référence': 'DEVVUEJS35/MVE',
  'Status': 'Published',
  'Title': 'Développeur VueJS expérimenté (H/F)',
  'Updated Trier par ordre croissant': '15/03/2023 - 11:53',
  'lien republication': '/fr-FR/offer/republish/5037?destination=/fr-FR/admin/content/offers%3Ftitle%3D%26agency%3DAll%26sii_language%3DAll%26status%3DAll%26page%3D0',
  'lien suppression': '/fr-FR/node/5037/delete?destination=/fr-FR/admin/content/offers%3Ftitle%3D%26agency%3DAll%26sii_language%3DAll%26status%3DAll%26page%3D0'},
 {'Agency': 'SII Ouest',
  'Author': 'timothee.potier',
  'Language': 'French (France)',
  'Last update by': 'timothee.potier',
  'Lieu': 'Rennes',
  'Référence': 'TP35SRE',
  'Status': 'Published',
  'Title': 'Ingénieur Système SRE (H/F)',
  'Updated Trier par ordre croissant': '14/03/2023 - 12:28',
  'lien republication': '/fr-FR/offer/republish/5097?destination=/fr-FR/admin/content/offers%3Ftitle%3D%26agency%3DAll%26sii_language%3DAll%26status%3DAll%26page%3D0',
  'lien suppression': '/fr-FR/node/5097/delete?destination=/fr-FR/admin/content/offers%3Ftitle%3D%26agency%3DAll%26sii_language%3DAll%26status%3DAll%26page%3D0'},
 {'Agency': 'SII Ouest',
  'Author': 'timothee.potier',
  'Language': 'French (France)',
  'Last update by': 'timothee.potier',
  'Lieu': 'Rennes',
  'Référence': 'TP35DEVOPS',
  'Status': 'Published',
  'Title': 'Ingénieur Système DevOps H/F',
  'Updated Trier par ordre croissant': '14/03/2023 - 12:25',
  'lien republication': '/fr-FR/offer/republish/5096?destination=/fr-FR/admin/content/offers%3Ftitle%3D%26agency%3DAll%26sii_language%3DAll%26status%3DAll%26page%3D0',
  'lien suppression': '/fr-FR/node/5096/delete?destination=/fr-FR/admin/content/offers%3Ftitle%3D%26agency%3DAll%26sii_language%3DAll%26status%3DAll%26page%3D0'},
 {'Agency': 'SII Ouest',
  'Author': 'Admin-lqSbNvM-…',
  'Language': 'French (France)',
  'Last update by': 'timothee.potier',
  'Lieu': 'Rennes',
  'Référence': 'ASR352',
  'Status': 'Published',
  'Title': 'Administrateur Système et Réseaux H/F',
  'Updated Trier par ordre croissant': '14/03/2023 - 12:22',
  'lien republication': '/fr-FR/offer/republish/1563?destination=/fr-FR/admin/content/offers%3Ftitle%3D%26agency%3DAll%26sii_language%3DAll%26status%3DAll%26page%3D0',
  'lien suppression': '/fr-FR/node/1563/delete?destination=/fr-FR/admin/content/offers%3Ftitle%3D%26agency%3DAll%26sii_language%3DAll%26status%3DAll%26page%3D0'},
 {'Agency': 'SII Ouest',
  'Author': 'timothee.potier',
  'Language': 'French (France)',
  'Last update by': 'timothee.potier',
  'Lieu': 'Rennes',
  'Référence': 'TPVIRTU35',
  'Status': 'Published',
  'Title': 'Ingénieur VMware (H/F)',
  'Updated Trier par ordre croissant': '14/03/2023 - 12:22',
  'lien republication': '/fr-FR/offer/republish/4385?destination=/fr-FR/admin/content/offers%3Ftitle%3D%26agency%3DAll%26sii_language%3DAll%26status%3DAll%26page%3D0',
  'lien suppression': '/fr-FR/node/4385/delete?destination=/fr-FR/admin/content/offers%3Ftitle%3D%26agency%3DAll%26sii_language%3DAll%26status%3DAll%26page%3D0'},
 {'Agency': 'SII Ouest',
  'Author': 'hlefevre',
  'Language': 'French (France)',
  'Last update by': 'timothee.potier',
  'Lieu': 'Rennes',
  'Référence': 'IRHLE',
  'Status': 'Published',
  'Title': 'Ingénieur Réseau H/F',
  'Updated Trier par ordre croissant': '14/03/2023 - 12:22',
  'lien republication': '/fr-FR/offer/republish/3219?destination=/fr-FR/admin/content/offers%3Ftitle%3D%26agency%3DAll%26sii_language%3DAll%26status%3DAll%26page%3D0',
  'lien suppression': '/fr-FR/node/3219/delete?destination=/fr-FR/admin/content/offers%3Ftitle%3D%26agency%3DAll%26sii_language%3DAll%26status%3DAll%26page%3D0'},
 {'Agency': 'SII Ouest',
  'Author': 'hlefevre',
  'Language': 'French (France)',
  'Last update by': 'timothee.potier',
  'Lieu': 'Rennes',
  'Référence': 'IRSHLE',
  'Status': 'Published',
  'Title': 'Ingénieur Réseaux et Sécurité H/F',
  'Updated Trier par ordre croissant': '14/03/2023 - 12:22',
  'lien republication': '/fr-FR/offer/republish/2041?destination=/fr-FR/admin/content/offers%3Ftitle%3D%26agency%3DAll%26sii_language%3DAll%26status%3DAll%26page%3D0',
  'lien suppression': '/fr-FR/node/2041/delete?destination=/fr-FR/admin/content/offers%3Ftitle%3D%26agency%3DAll%26sii_language%3DAll%26status%3DAll%26page%3D0'},
 {'Agency': 'SII Ouest',
  'Author': 'hlefevre',
  'Language': 'French (France)',
  'Last update by': 'timothee.potier',
  'Lieu': 'Rennes',
  'Référence': 'ACL1',
  'Status': 'Published',
  'Title': 'Architecte Cloud H/F',
  'Updated Trier par ordre croissant': '14/03/2023 - 12:21',
  'lien republication': '/fr-FR/offer/republish/1951?destination=/fr-FR/admin/content/offers%3Ftitle%3D%26agency%3DAll%26sii_language%3DAll%26status%3DAll%26page%3D0',
  'lien suppression': '/fr-FR/node/1951/delete?destination=/fr-FR/admin/content/offers%3Ftitle%3D%26agency%3DAll%26sii_language%3DAll%26status%3DAll%26page%3D0'},
 {'Agency': 'SII Ouest',
  'Author': 'hlefevre',
  'Language': 'French (France)',
  'Last update by': 'timothee.potier',
  'Lieu': 'Rennes',
  'Référence': 'HLEAVM',
  'Status': 'Published',
  'Title': 'Administrateur VMware H/F',
  'Updated Trier par ordre croissant': '14/03/2023 - 12:21',
  'lien republication': '/fr-FR/offer/republish/3233?destination=/fr-FR/admin/content/offers%3Ftitle%3D%26agency%3DAll%26sii_language%3DAll%26status%3DAll%26page%3D0',
  'lien suppression': '/fr-FR/node/3233/delete?destination=/fr-FR/admin/content/offers%3Ftitle%3D%26agency%3DAll%26sii_language%3DAll%26status%3DAll%26page%3D0'},
 {'Agency': 'SII Ouest',
  'Author': 'hlefevre',
  'Language': 'French (France)',
  'Last update by': 'timothee.potier',
  'Lieu': 'Rennes',
  'Référence': 'AI',
  'Status': 'Published',
  'Title': 'Architecte Infrastructure H/F',
  'Updated Trier par ordre croissant': '14/03/2023 - 12:20',
  'lien republication': '/fr-FR/offer/republish/1764?destination=/fr-FR/admin/content/offers%3Ftitle%3D%26agency%3DAll%26sii_language%3DAll%26status%3DAll%26page%3D0',
  'lien suppression': '/fr-FR/node/1764/delete?destination=/fr-FR/admin/content/offers%3Ftitle%3D%26agency%3DAll%26sii_language%3DAll%26status%3DAll%26page%3D0'},
 {'Agency': 'SII Ouest',
  'Author': 'timothee.potier',
  'Language': 'French (France)',
  'Last update by': 'timothee.potier',
  'Lieu': 'Rennes',
  'Référence': 'TPLINUX35',
  'Status': 'Published',
  'Title': 'Ingénieur Système Linux H/F',
  'Updated Trier par ordre croissant': '14/03/2023 - 12:20',
  'lien republication': '/fr-FR/offer/republish/4994?destination=/fr-FR/admin/content/offers%3Ftitle%3D%26agency%3DAll%26sii_language%3DAll%26status%3DAll%26page%3D0',
  'lien suppression': '/fr-FR/node/4994/delete?destination=/fr-FR/admin/content/offers%3Ftitle%3D%26agency%3DAll%26sii_language%3DAll%26status%3DAll%26page%3D0'},
 {'Agency': 'SII Ouest',
  'Author': 'marjorie.lhostis',
  'Language': 'French (France)',
  'Last update by': 'marjorie.lhostis',
  'Lieu': 'Brest',
  'Référence': 'DEVSTAGE29',
  'Status': 'Published',
  'Title': 'Développeur Java H/F',
  'Updated Trier par ordre croissant': '13/03/2023 - 16:26',
  'lien republication': '/fr-FR/offer/republish/5087?destination=/fr-FR/admin/content/offers%3Ftitle%3D%26agency%3DAll%26sii_language%3DAll%26status%3DAll%26page%3D0',
  'lien suppression': '/fr-FR/node/5087/delete?destination=/fr-FR/admin/content/offers%3Ftitle%3D%26agency%3DAll%26sii_language%3DAll%26status%3DAll%26page%3D0'},
 {'Agency': 'SII Ouest',
  'Author': 'bjouault',
  'Language': 'French (France)',
  'Last update by': 'bjouault',
  'Lieu': 'Rennes',
  'Référence': 'STAGE-DEV',
  'Status': 'Unpublished',
  'Title': 'Développeur full stack Java/Angular Stagiaire (F/H)',
  'Updated Trier par ordre croissant': '28/02/2023 - 09:50',
  'lien republication': '/fr-FR/offer/republish/4666?destination=/fr-FR/admin/content/offers%3Ftitle%3D%26agency%3DAll%26sii_language%3DAll%26status%3DAll%26page%3D0'},
 {'Agency': 'SII Ouest',
  'Author': 'julia.luconi',
  'Language': 'French (France)',
  'Last update by': 'julia.luconi',
  'Lieu': 'Le Mans',
  'Référence': 'VIP',
  'Status': 'Published',
  'Title': 'Technicien support H/F',
  'Updated Trier par ordre croissant': '23/02/2023 - 15:42',
  'lien republication': '/fr-FR/offer/republish/2498?destination=/fr-FR/admin/content/offers%3Ftitle%3D%26agency%3DAll%26sii_language%3DAll%26status%3DAll%26page%3D0',
  'lien suppression': '/fr-FR/node/2498/delete?destination=/fr-FR/admin/content/offers%3Ftitle%3D%26agency%3DAll%26sii_language%3DAll%26status%3DAll%26page%3D0'},
 {'Agency': 'SII Ouest',
  'Author': 'camille.fossey',
  'Language': 'French (France)',
  'Last update by': 'camille.fossey',
  'Lieu': 'Caen',
  'Référence': 'PIL/PROD/CFO',
  'Status': 'Published',
  'Title': 'Pilote de production H/F',
  'Updated Trier par ordre croissant': '23/02/2023 - 15:37',
  'lien republication': '/fr-FR/offer/republish/5019?destination=/fr-FR/admin/content/offers%3Ftitle%3D%26agency%3DAll%26sii_language%3DAll%26status%3DAll%26page%3D0',
  'lien suppression': '/fr-FR/node/5019/delete?destination=/fr-FR/admin/content/offers%3Ftitle%3D%26agency%3DAll%26sii_language%3DAll%26status%3DAll%26page%3D0'},
 {'Agency': 'SII Ouest',
  'Author': 'camille.fossey',
  'Language': 'French (France)',
  'Last update by': 'camille.fossey',
  'Lieu': 'Caen',
  'Référence': 'ING/VIRTU/CFO',
  'Status': 'Published',
  'Title': 'Ingénieur en Virtualisation H/F',
  'Updated Trier par ordre croissant': '23/02/2023 - 15:37',
  'lien republication': '/fr-FR/offer/republish/4725?destination=/fr-FR/admin/content/offers%3Ftitle%3D%26agency%3DAll%26sii_language%3DAll%26status%3DAll%26page%3D0',
  'lien suppression': '/fr-FR/node/4725/delete?destination=/fr-FR/admin/content/offers%3Ftitle%3D%26agency%3DAll%26sii_language%3DAll%26status%3DAll%26page%3D0'},
 {'Agency': 'SII Ouest',
  'Author': 'camille.fossey',
  'Language': 'French (France)',
  'Last update by': 'camille.fossey',
  'Lieu': 'Caen',
  'Référence': 'ING/SUPP/CFO',
  'Status': 'Published',
  'Title': 'Ingénieur Support H/F',
  'Updated Trier par ordre croissant': '23/02/2023 - 15:37',
  'lien republication': '/fr-FR/offer/republish/4724?destination=/fr-FR/admin/content/offers%3Ftitle%3D%26agency%3DAll%26sii_language%3DAll%26status%3DAll%26page%3D0',
  'lien suppression': '/fr-FR/node/4724/delete?destination=/fr-FR/admin/content/offers%3Ftitle%3D%26agency%3DAll%26sii_language%3DAll%26status%3DAll%26page%3D0'},
 {'Agency': 'SII Ouest',
  'Author': 'TEST',
  'Language': 'French (France)',
  'Last update by': 'timothee.potier',
  'Lieu': 'Rennes',
  'Référence': 'CPEHLr',
  'Status': 'Published',
  'Title': 'TEST TEST',
  'Updated Trier par ordre croissant': '12/04/2023 - 16:29',
  'lien republication': '/fr-FR/offer/republish/2011?destination=/fr-FR/admin/content/offers%3Ftitle%3D%26agency%3DAll%26sii_language%3DAll%26status%3DAll%26page%3D0',
  'lien suppression': '/fr-FR/node/2011/delete?destination=/fr-FR/admin/content/offers%3Ftitle%3D%26agency%3DAll%26sii_language%3DAll%26status%3DAll%26page%3D0'},
 {'Agency': 'SII EST',
  'Author': 'Robert',
  'Language': 'French (France)',
  'Last update by': 'timothee.potier',
  'Lieu': 'Strasbourg',
  'Référence': 'CPEHLE',
  'Status': 'Published',
  'Title': 'TEST',
  'Updated Trier par ordre croissant': '12/04/2023 - 16:29',
  'lien republication': '/fr-FR/offer/republish/2012?destination=/fr-FR/admin/content/offers%3Ftitle%3D%26agency%3DAll%26sii_language%3DAll%26status%3DAll%26page%3D0',
  'lien suppression': '/fr-FR/node/2012/delete?destination=/fr-FR/admin/content/offers%3Ftitle%3D%26agency%3DAll%26sii_language%3DAll%26status%3DAll%26page%3D0'}]</msg>
<msg timestamp="20230504 11:19:48.238" level="INFO">${result} = [{'Title': 'Chef de projet expérimenté Infrastructure H/F', 'Référence': 'CPEHLE', 'Agency': 'SII Ouest', 'Lieu': 'Rennes', 'Language': 'French (France)', 'Status': 'Published', 'Author': 'hlefevre', ...</msg>
<status status="PASS" starttime="20230504 11:19:48.218" endtime="20230504 11:19:48.239"/>
</kw>
<kw name="Log" library="BuiltIn">
<arg>${result}</arg>
<doc>Logs the given message with the given level.</doc>
<msg timestamp="20230504 11:19:48.240" level="INFO">[{'Title': 'Chef de projet expérimenté Infrastructure H/F', 'Référence': 'CPEHLE', 'Agency': 'SII Ouest', 'Lieu': 'Rennes', 'Language': 'French (France)', 'Status': 'Published', 'Author': 'hlefevre', 'Updated Trier par ordre croissant': '12/04/2023 - 16:29', 'Last update by': 'timothee.potier', 'lien republication': '/fr-FR/offer/republish/2010?destination=/fr-FR/admin/content/offers%3Ftitle%3D%26agency%3DAll%26sii_language%3DAll%26status%3DAll%26page%3D0', 'lien suppression': '/fr-FR/node/2010/delete?destination=/fr-FR/admin/content/offers%3Ftitle%3D%26agency%3DAll%26sii_language%3DAll%26status%3DAll%26page%3D0'}, {'Title': 'Développeur PHP H/F', 'Référence': 'TP22PHP', 'Agency': 'SII Ouest', 'Lieu': 'Lannion', 'Language': 'French (France)', 'Status': 'Published', 'Author': 'timothee.potier', 'Updated Trier par ordre croissant': '12/04/2023 - 16:12', 'Last update by': 'timothee.potier', 'lien republication': '/fr-FR/offer/republish/4979?destination=/fr-FR/admin/content/offers%3Ftitle%3D%26agency%3DAll%26sii_language%3DAll%26status%3DAll%26page%3D0', 'lien suppression': '/fr-FR/node/4979/delete?destination=/fr-FR/admin/content/offers%3Ftitle%3D%26agency%3DAll%26sii_language%3DAll%26status%3DAll%26page%3D0'}, {'Title': 'Développeur C (H/F)', 'Référence': 'TPDEVC22', 'Agency': 'SII Ouest', 'Lieu': 'Lannion', 'Language': 'French (France)', 'Status': 'Published', 'Author': 'timothee.potier', 'Updated Trier par ordre croissant': '12/04/2023 - 16:12', 'Last update by': 'timothee.potier', 'lien republication': '/fr-FR/offer/republish/4304?destination=/fr-FR/admin/content/offers%3Ftitle%3D%26agency%3DAll%26sii_language%3DAll%26status%3DAll%26page%3D0', 'lien suppression': '/fr-FR/node/4304/delete?destination=/fr-FR/admin/content/offers%3Ftitle%3D%26agency%3DAll%26sii_language%3DAll%26status%3DAll%26page%3D0'}, {'Title': 'Ingénieur DevOps (H/F)', 'Référence': 'TPDEVOPS22', 'Agency': 'SII Ouest', 'Lieu': 'Lannion', 'Language': 'French (France)', 'Status': 'Published', 'Author': 'timothee.potier', 'Updated Trier par ordre croissant': '12/04/2023 - 10:55', 'Last update by': 'timothee.potier', 'lien republication': '/fr-FR/offer/republish/5102?destination=/fr-FR/admin/content/offers%3Ftitle%3D%26agency%3DAll%26sii_language%3DAll%26status%3DAll%26page%3D0', 'lien suppression': '/fr-FR/node/5102/delete?destination=/fr-FR/admin/content/offers%3Ftitle%3D%26agency%3DAll%26sii_language%3DAll%26status%3DAll%26page%3D0'}, {'Title': 'Ingénieur Test Fonctionnel (H/F)', 'Référence': 'TPTEST22', 'Agency': 'SII Ouest', 'Lieu': 'Lannion', 'Language': 'French (France)', 'Status': 'Published', 'Author': 'timothee.potier', 'Updated Trier par ordre croissant': '12/04/2023 - 10:55', 'Last update by': 'timothee.potier', 'lien republication': '/fr-FR/offer/republish/4305?destination=/fr-FR/admin/content/offers%3Ftitle%3D%26agency%3DAll%26sii_language%3DAll%26status%3DAll%26page%3D0', 'lien suppression': '/fr-FR/node/4305/delete?destination=/fr-FR/admin/content/offers%3Ftitle%3D%26agency%3DAll%26sii_language%3DAll%26status%3DAll%26page%3D0'}, {'Title': 'Chargé(e) de Ressources Humaines Confirmé(e) (H/F)', 'Référence': 'CRHCRENN', 'Agency': 'SII Ouest', 'Lieu': 'Rennes', 'Language': 'French (France)', 'Status': 'Published', 'Author': 'afromentoux', 'Updated Trier par ordre croissant': '07/04/2023 - 16:36', 'Last update by': 'afromentoux', 'lien republication': '/fr-FR/offer/republish/5199?destination=/fr-FR/admin/content/offers%3Ftitle%3D%26agency%3DAll%26sii_language%3DAll%26status%3DAll%26page%3D0', 'lien suppression': '/fr-FR/node/5199/delete?destination=/fr-FR/admin/content/offers%3Ftitle%3D%26agency%3DAll%26sii_language%3DAll%26status%3DAll%26page%3D0'}, {'Title': 'Consultant AMOA H/F', 'Référence': 'AMOA29', 'Agency': 'SII Ouest', 'Lieu': 'Brest', 'Language': 'French (France)', 'Status': 'Published', 'Author': 'marjorie.lhostis', 'Updated Trier par ordre croissant': '04/04/2023 - 17:10', 'Last update by': 'marjorie.lhostis', 'lien republication': '/fr-FR/offer/republish/1719?destination=/fr-FR/admin/content/offers%3Ftitle%3D%26agency%3DAll%26sii_language%3DAll%26status%3DAll%26page%3D0', 'lien suppression': '/fr-FR/node/1719/delete?destination=/fr-FR/admin/content/offers%3Ftitle%3D%26agency%3DAll%26sii_language%3DAll%26status%3DAll%26page%3D0'}, {'Title': 'Ingénieur Développement Java EE expérimenté H/F', 'Référence': 'IDJ2997', 'Agency': 'SII Ouest', 'Lieu': 'Brest', 'Language': 'French (France)', 'Status': 'Published', 'Author': 'marjorie.lhostis', 'Updated Trier par ordre croissant': '04/04/2023 - 17:10', 'Last update by': 'marjorie.lhostis', 'lien republication': '/fr-FR/offer/republish/1686?destination=/fr-FR/admin/content/offers%3Ftitle%3D%26agency%3DAll%26sii_language%3DAll%26status%3DAll%26page%3D0', 'lien suppression': '/fr-FR/node/1686/delete?destination=/fr-FR/admin/content/offers%3Ftitle%3D%26agency%3DAll%26sii_language%3DAll%26status%3DAll%26page%3D0'}, {'Title': 'Consultant SI/Cloud H/F', 'Référence': 'CSWAT29', 'Agency': 'SII Ouest', 'Lieu': 'Brest', 'Language': 'French (France)', 'Status': 'Published', 'Author': 'Anonymous (non vérifié)', 'Updated Trier par ordre croissant': '04/04/2023 - 17:09', 'Last update by': 'marjorie.lhostis', 'lien republication': '/fr-FR/offer/republish/2401?destination=/fr-FR/admin/content/offers%3Ftitle%3D%26agency%3DAll%26sii_language%3DAll%26status%3DAll%26page%3D0', 'lien suppression': '/fr-FR/node/2401/delete?destination=/fr-FR/admin/content/offers%3Ftitle%3D%26agency%3DAll%26sii_language%3DAll%26status%3DAll%26page%3D0'}, {'Title': 'Business Analyst H/F', 'Référence': 'BA29', 'Agency': 'SII Ouest', 'Lieu': 'Brest', 'Language': 'French (France)', 'Status': 'Published', 'Author': 'marjorie.lhostis', 'Updated Trier par ordre croissant': '04/04/2023 - 17:09', 'Last update by': 'marjorie.lhostis', 'lien republication': '/fr-FR/offer/republish/2588?destination=/fr-FR/admin/content/offers%3Ftitle%3D%26agency%3DAll%26sii_language%3DAll%26status%3DAll%26page%3D0', 'lien suppression': '/fr-FR/node/2588/delete?destination=/fr-FR/admin/content/offers%3Ftitle%3D%26agency%3DAll%26sii_language%3DAll%26status%3DAll%26page%3D0'}, {'Title': 'Chef de projet H/F', 'Référence': 'CDP29D', 'Agency': 'SII Ouest', 'Lieu': 'Brest', 'Language': 'French (France)', 'Status': 'Published', 'Author': 'marjorie.lhostis', 'Updated Trier par ordre croissant': '04/04/2023 - 17:08', 'Last update by': 'marjorie.lhostis', 'lien republication': '/fr-FR/offer/republish/2503?destination=/fr-FR/admin/content/offers%3Ftitle%3D%26agency%3DAll%26sii_language%3DAll%26status%3DAll%26page%3D0', 'lien suppression': '/fr-FR/node/2503/delete?destination=/fr-FR/admin/content/offers%3Ftitle%3D%26agency%3DAll%26sii_language%3DAll%26status%3DAll%26page%3D0'}, {'Title': 'Product Owner H/F', 'Référence': 'PO29', 'Agency': 'SII Ouest', 'Lieu': 'Brest', 'Language': 'French (France)', 'Status': 'Published', 'Author': 'marjorie.lhostis', 'Updated Trier par ordre croissant': '04/04/2023 - 17:07', 'Last update by': 'marjorie.lhostis', 'lien republication': '/fr-FR/offer/republish/2867?destination=/fr-FR/admin/content/offers%3Ftitle%3D%26agency%3DAll%26sii_language%3DAll%26status%3DAll%26page%3D0', 'lien suppression': '/fr-FR/node/2867/delete?destination=/fr-FR/admin/content/offers%3Ftitle%3D%26agency%3DAll%26sii_language%3DAll%26status%3DAll%26page%3D0'}, {'Title': 'Chef de projet H/F', 'Référence': 'CDPD2901', 'Agency': 'SII Ouest', 'Lieu': 'Brest', 'Language': 'French (France)', 'Status': 'Published', 'Author': 'Admin-lqSbNvM-…', 'Updated Trier par ordre croissant': '04/04/2023 - 17:07', 'Last update by': 'marjorie.lhostis', 'lien republication': '/fr-FR/offer/republish/1566?destination=/fr-FR/admin/content/offers%3Ftitle%3D%26agency%3DAll%26sii_language%3DAll%26status%3DAll%26page%3D0', 'lien suppression': '/fr-FR/node/1566/delete?destination=/fr-FR/admin/content/offers%3Ftitle%3D%26agency%3DAll%26sii_language%3DAll%26status%3DAll%26page%3D0'}, {'Title': 'Consultant DEVOPS H/F', 'Référence': 'INDEVOPS29', 'Agency': 'SII Ouest', 'Lieu': 'Brest', 'Language': 'French (France)', 'Status': 'Published', 'Author': 'marjorie.lhostis', 'Updated Trier par ordre croissant': '04/04/2023 - 17:06', 'Last update by': 'marjorie.lhostis', 'lien republication': '/fr-FR/offer/republish/2104?destination=/fr-FR/admin/content/offers%3Ftitle%3D%26agency%3DAll%26sii_language%3DAll%26status%3DAll%26page%3D0', 'lien suppression': '/fr-FR/node/2104/delete?destination=/fr-FR/admin/content/offers%3Ftitle%3D%26agency%3DAll%26sii_language%3DAll%26status%3DAll%26page%3D0'}, {'Title': 'Ingénieur développement Full Stack H/F', 'Référence': 'DEVFULLSTACK29', 'Agency': 'SII Ouest', 'Lieu': 'Brest', 'Language': 'French (France)', 'Status': 'Published', 'Author': 'Anonymous (non vérifié)', 'Updated Trier par ordre croissant': '04/04/2023 - 17:06', 'Last update by': 'marjorie.lhostis', 'lien republication': '/fr-FR/offer/republish/2404?destination=/fr-FR/admin/content/offers%3Ftitle%3D%26agency%3DAll%26sii_language%3DAll%26status%3DAll%26page%3D0', 'lien suppression': '/fr-FR/node/2404/delete?destination=/fr-FR/admin/content/offers%3Ftitle%3D%26agency%3DAll%26sii_language%3DAll%26status%3DAll%26page%3D0'}, {'Title': 'DBA | Administrateur bases de données H/F', 'Référence': 'ADBDD29', 'Agency': 'SII Ouest', 'Lieu': 'Brest', 'Language': 'French (France)', 'Status': 'Published', 'Author': 'marjorie.lhostis', 'Updated Trier par ordre croissant': '04/04/2023 - 17:06', 'Last update by': 'marjorie.lhostis', 'lien republication': '/fr-FR/offer/republish/3453?destination=/fr-FR/admin/content/offers%3Ftitle%3D%26agency%3DAll%26sii_language%3DAll%26status%3DAll%26page%3D0', 'lien suppression': '/fr-FR/node/3453/delete?destination=/fr-FR/admin/content/offers%3Ftitle%3D%26agency%3DAll%26sii_language%3DAll%26status%3DAll%26page%3D0'}, {'Title': 'Testeur Logiciel H/F', 'Référence': 'TEST29', 'Agency': 'SII Ouest', 'Lieu': 'Brest', 'Language': 'French (France)', 'Status': 'Published', 'Author': 'marjorie.lhostis', 'Updated Trier par ordre croissant': '04/04/2023 - 17:06', 'Last update by': 'marjorie.lhostis', 'lien republication': '/fr-FR/offer/republish/4805?destination=/fr-FR/admin/content/offers%3Ftitle%3D%26agency%3DAll%26sii_language%3DAll%26status%3DAll%26page%3D0', 'lien suppression': '/fr-FR/node/4805/delete?destination=/fr-FR/admin/content/offers%3Ftitle%3D%26agency%3DAll%26sii_language%3DAll%26status%3DAll%26page%3D0'}, {'Title': 'Administrateur Infrastructure Systèmes H/F', 'Référence': 'AIS29103', 'Agency': 'SII Ouest', 'Lieu': 'Brest', 'Language': 'French (France)', 'Status': 'Published', 'Author': 'marjorie.lhostis', 'Updated Trier par ordre croissant': '04/04/2023 - 17:04', 'Last update by': 'marjorie.lhostis', 'lien republication': '/fr-FR/offer/republish/1687?destination=/fr-FR/admin/content/offers%3Ftitle%3D%26agency%3DAll%26sii_language%3DAll%26status%3DAll%26page%3D0', 'lien suppression': '/fr-FR/node/1687/delete?destination=/fr-FR/admin/content/offers%3Ftitle%3D%26agency%3DAll%26sii_language%3DAll%26status%3DAll%26page%3D0'}, {'Title': 'Ingénieur développement Kotlin/Java H/F', 'Référence': 'DEVKOTLIN', 'Agency': 'SII Ouest', 'Lieu': 'Brest', 'Language': 'French (France)', 'Status': 'Published', 'Author': 'Anonymous (non vérifié)', 'Updated Trier par ordre croissant': '04/04/2023 - 17:04', 'Last update by': 'marjorie.lhostis', 'lien republication': '/fr-FR/offer/republish/2403?destination=/fr-FR/admin/content/offers%3Ftitle%3D%26agency%3DAll%26sii_language%3DAll%26status%3DAll%26page%3D0', 'lien suppression': '/fr-FR/node/2403/delete?destination=/fr-FR/admin/content/offers%3Ftitle%3D%26agency%3DAll%26sii_language%3DAll%26status%3DAll%26page%3D0'}, {'Title': 'Ingénieur Développement Java (client lourd) H/F', 'Référence': 'DEVJAVACL29', 'Agency': 'SII Ouest', 'Lieu': 'Brest', 'Language': 'French (France)', 'Status': 'Published', 'Author': 'marjorie.lhostis', 'Updated Trier par ordre croissant': '04/04/2023 - 17:02', 'Last update by': 'marjorie.lhostis', 'lien republication': '/fr-FR/offer/republish/2872?destination=/fr-FR/admin/content/offers%3Ftitle%3D%26agency%3DAll%26sii_language%3DAll%26status%3DAll%26page%3D0', 'lien suppression': '/fr-FR/node/2872/delete?destination=/fr-FR/admin/content/offers%3Ftitle%3D%26agency%3DAll%26sii_language%3DAll%26status%3DAll%26page%3D0'}, {'Title': 'Architecte Testing (h/f)', 'Référence': 'CTPE35', 'Agency': 'SII Ouest', 'Lieu': 'Rennes', 'Language': 'French (France)', 'Status': 'Published', 'Author': 'mlemen', 'Updated Trier par ordre croissant': '03/04/2023 - 16:39', 'Last update by': 'mlemen', 'lien republication': '/fr-FR/offer/republish/4336?destination=/fr-FR/admin/content/offers%3Ftitle%3D%26agency%3DAll%26sii_language%3DAll%26status%3DAll%26page%3D0', 'lien suppression': '/fr-FR/node/4336/delete?destination=/fr-FR/admin/content/offers%3Ftitle%3D%26agency%3DAll%26sii_language%3DAll%26status%3DAll%26page%3D0'}, {'Title': 'Architecte Big Data H/F', 'Référence': 'ABDMLM35', 'Agency': 'SII Ouest', 'Lieu': 'Rennes', 'Language': 'French (France)', 'Status': 'Published', 'Author': 'mlemen', 'Updated Trier par ordre croissant': '03/04/2023 - 16:39', 'Last update by': 'mlemen', 'lien republication': '/fr-FR/offer/republish/4842?destination=/fr-FR/admin/content/offers%3Ftitle%3D%26agency%3DAll%26sii_language%3DAll%26status%3DAll%26page%3D0', 'lien suppression': '/fr-FR/node/4842/delete?destination=/fr-FR/admin/content/offers%3Ftitle%3D%26agency%3DAll%26sii_language%3DAll%26status%3DAll%26page%3D0'}, {'Title': 'Chef de projet Qualité / Performance Opérationnelle IT (H/F)', 'Référence': 'IQP35MLM', 'Agency': 'SII Ouest', 'Lieu': 'Rennes', 'Language': 'French (France)', 'Status': 'Unpublished', 'Author': 'mlemen', 'Updated Trier par ordre croissant': '03/04/2023 - 16:38', 'Last update by': 'mlemen', 'lien republication': '/fr-FR/offer/republish/4653?destination=/fr-FR/admin/content/offers%3Ftitle%3D%26agency%3DAll%26sii_language%3DAll%26status%3DAll%26page%3D0'}, {'Title': 'Développeur Big Data en alternance H/F', 'Référence': 'ALT BD', 'Agency': 'SII Ouest', 'Lieu': 'Le Mans', 'Language': 'French (France)', 'Status': 'Published', 'Author': 'julia.luconi', 'Updated Trier par ordre croissant': '03/04/2023 - 10:58', 'Last update by': 'julia.luconi', 'lien republication': '/fr-FR/offer/republish/2747?destination=/fr-FR/admin/content/offers%3Ftitle%3D%26agency%3DAll%26sii_language%3DAll%26status%3DAll%26page%3D0', 'lien suppression': '/fr-FR/node/2747/delete?destination=/fr-FR/admin/content/offers%3Ftitle%3D%26agency%3DAll%26sii_language%3DAll%26status%3DAll%26page%3D0'}, {'Title': 'Business Intelligence QA', 'Référence': 'BIQA', 'Agency': 'SII Ouest', 'Lieu': 'Le Mans', 'Language': 'French (France)', 'Status': 'Unpublished', 'Author': 'julia.luconi', 'Updated Trier par ordre croissant': '03/04/2023 - 10:53', 'Last update by': 'julia.luconi', 'lien republication': '/fr-FR/offer/republish/4087?destination=/fr-FR/admin/content/offers%3Ftitle%3D%26agency%3DAll%26sii_language%3DAll%26status%3DAll%26page%3D0'}, {'Title': 'Stagiaire Business Manager (H/F)', 'Référence': 'STAGEBMRENAFR', 'Agency': 'SII Ouest', 'Lieu': 'Rennes', 'Language': 'French (France)', 'Status': 'Unpublished', 'Author': 'afromentoux', 'Updated Trier par ordre croissant': '30/03/2023 - 10:32', 'Last update by': 'afromentoux', 'lien republication': '/fr-FR/offer/republish/3854?destination=/fr-FR/admin/content/offers%3Ftitle%3D%26agency%3DAll%26sii_language%3DAll%26status%3DAll%26page%3D0'}, {'Title': "Chargé(e) d'Accueil (H/F)", 'Référence': 'CACDIREN', 'Agency': 'SII Ouest', 'Lieu': 'Rennes', 'Language': 'French (France)', 'Status': 'Unpublished', 'Author': 'afromentoux', 'Updated Trier par ordre croissant': '30/03/2023 - 10:31', 'Last update by': 'afromentoux', 'lien republication': '/fr-FR/offer/republish/5039?destination=/fr-FR/admin/content/offers%3Ftitle%3D%26agency%3DAll%26sii_language%3DAll%26status%3DAll%26page%3D0'}, {'Title': 'Ingénieur développement mobile H/F', 'Référence': 'LM ANDROID', 'Agency': 'SII Ouest', 'Lieu': 'Le Mans', 'Language': 'French (France)', 'Status': 'Published', 'Author': 'julia.luconi', 'Updated Trier par ordre croissant': '27/03/2023 - 14:26', 'Last update by': 'julia.luconi', 'lien republication': '/fr-FR/offer/republish/3597?destination=/fr-FR/admin/content/offers%3Ftitle%3D%26agency%3DAll%26sii_language%3DAll%26status%3DAll%26page%3D0', 'lien suppression': '/fr-FR/node/3597/delete?destination=/fr-FR/admin/content/offers%3Ftitle%3D%26agency%3DAll%26sii_language%3DAll%26status%3DAll%26page%3D0'}, {'Title': 'Responsable IT Interne (H/F)', 'Référence': 'RITHLF', 'Agency': 'SII Ouest', 'Lieu': 'Rennes', 'Language': 'French (France)', 'Status': 'Published', 'Author': 'afromentoux', 'Updated Trier par ordre croissant': '23/03/2023 - 09:13', 'Last update by': 'afromentoux', 'lien republication': '/fr-FR/offer/republish/3000?destination=/fr-FR/admin/content/offers%3Ftitle%3D%26agency%3DAll%26sii_language%3DAll%26status%3DAll%26page%3D0', 'lien suppression': '/fr-FR/node/3000/delete?destination=/fr-FR/admin/content/offers%3Ftitle%3D%26agency%3DAll%26sii_language%3DAll%26status%3DAll%26page%3D0'}, {'Title': 'Manager IT H/F', 'Référence': 'MIT', 'Agency': 'SII Ouest', 'Lieu': 'Le Mans', 'Language': 'French (France)', 'Status': 'Published', 'Author': 'julia.luconi', 'Updated Trier par ordre croissant': '21/03/2023 - 18:15', 'Last update by': 'julia.luconi', 'lien republication': '/fr-FR/offer/republish/3847?destination=/fr-FR/admin/content/offers%3Ftitle%3D%26agency%3DAll%26sii_language%3DAll%26status%3DAll%26page%3D0', 'lien suppression': '/fr-FR/node/3847/delete?destination=/fr-FR/admin/content/offers%3Ftitle%3D%26agency%3DAll%26sii_language%3DAll%26status%3DAll%26page%3D0'}, {'Title': 'Développeurs mobile iOS et Android (H/F)', 'Référence': 'DEVMOB35/MVE', 'Agency': 'SII Ouest', 'Lieu': 'Rennes', 'Language': 'French (France)', 'Status': 'Published', 'Author': 'bjouault', 'Updated Trier par ordre croissant': '21/03/2023 - 11:18', 'Last update by': 'margaux.veuillot', 'lien republication': '/fr-FR/offer/republish/5121?destination=/fr-FR/admin/content/offers%3Ftitle%3D%26agency%3DAll%26sii_language%3DAll%26status%3DAll%26page%3D0', 'lien suppression': '/fr-FR/node/5121/delete?destination=/fr-FR/admin/content/offers%3Ftitle%3D%26agency%3DAll%26sii_language%3DAll%26status%3DAll%26page%3D0'}, {'Title': 'Responsable Commercial SII Brest (H/F)', 'Référence': 'RCOBREST', 'Agency': 'SII Ouest', 'Lieu': 'Brest', 'Language': 'French (France)', 'Status': 'Published', 'Author': 'afromentoux', 'Updated Trier par ordre croissant': '21/03/2023 - 10:28', 'Last update by': 'afromentoux', 'lien republication': '/fr-FR/offer/republish/5120?destination=/fr-FR/admin/content/offers%3Ftitle%3D%26agency%3DAll%26sii_language%3DAll%26status%3DAll%26page%3D0', 'lien suppression': '/fr-FR/node/5120/delete?destination=/fr-FR/admin/content/offers%3Ftitle%3D%26agency%3DAll%26sii_language%3DAll%26status%3DAll%26page%3D0'}, {'Title': 'Développeur Full Stack Java/Angular (H/F)', 'Référence': 'DEVFS35/MVE', 'Agency': 'SII Ouest', 'Lieu': 'Rennes', 'Language': 'French (France)', 'Status': 'Published', 'Author': 'bjouault', 'Updated Trier par ordre croissant': '15/03/2023 - 14:30', 'Last update by': 'margaux.veuillot', 'lien republication': '/fr-FR/offer/republish/2526?destination=/fr-FR/admin/content/offers%3Ftitle%3D%26agency%3DAll%26sii_language%3DAll%26status%3DAll%26page%3D0', 'lien suppression': '/fr-FR/node/2526/delete?destination=/fr-FR/admin/content/offers%3Ftitle%3D%26agency%3DAll%26sii_language%3DAll%26status%3DAll%26page%3D0'}, {'Title': 'Développeur VueJS expérimenté (H/F)', 'Référence': 'DEVVUEJS35/MVE', 'Agency': 'SII Ouest', 'Lieu': 'Rennes', 'Language': 'French (France)', 'Status': 'Published', 'Author': 'margaux.veuillot', 'Updated Trier par ordre croissant': '15/03/2023 - 11:53', 'Last update by': 'margaux.veuillot', 'lien republication': '/fr-FR/offer/republish/5037?destination=/fr-FR/admin/content/offers%3Ftitle%3D%26agency%3DAll%26sii_language%3DAll%26status%3DAll%26page%3D0', 'lien suppression': '/fr-FR/node/5037/delete?destination=/fr-FR/admin/content/offers%3Ftitle%3D%26agency%3DAll%26sii_language%3DAll%26status%3DAll%26page%3D0'}, {'Title': 'Ingénieur Système SRE (H/F)', 'Référence': 'TP35SRE', 'Agency': 'SII Ouest', 'Lieu': 'Rennes', 'Language': 'French (France)', 'Status': 'Published', 'Author': 'timothee.potier', 'Updated Trier par ordre croissant': '14/03/2023 - 12:28', 'Last update by': 'timothee.potier', 'lien republication': '/fr-FR/offer/republish/5097?destination=/fr-FR/admin/content/offers%3Ftitle%3D%26agency%3DAll%26sii_language%3DAll%26status%3DAll%26page%3D0', 'lien suppression': '/fr-FR/node/5097/delete?destination=/fr-FR/admin/content/offers%3Ftitle%3D%26agency%3DAll%26sii_language%3DAll%26status%3DAll%26page%3D0'}, {'Title': 'Ingénieur Système DevOps H/F', 'Référence': 'TP35DEVOPS', 'Agency': 'SII Ouest', 'Lieu': 'Rennes', 'Language': 'French (France)', 'Status': 'Published', 'Author': 'timothee.potier', 'Updated Trier par ordre croissant': '14/03/2023 - 12:25', 'Last update by': 'timothee.potier', 'lien republication': '/fr-FR/offer/republish/5096?destination=/fr-FR/admin/content/offers%3Ftitle%3D%26agency%3DAll%26sii_language%3DAll%26status%3DAll%26page%3D0', 'lien suppression': '/fr-FR/node/5096/delete?destination=/fr-FR/admin/content/offers%3Ftitle%3D%26agency%3DAll%26sii_language%3DAll%26status%3DAll%26page%3D0'}, {'Title': 'Administrateur Système et Réseaux H/F', 'Référence': 'ASR352', 'Agency': 'SII Ouest', 'Lieu': 'Rennes', 'Language': 'French (France)', 'Status': 'Published', 'Author': 'Admin-lqSbNvM-…', 'Updated Trier par ordre croissant': '14/03/2023 - 12:22', 'Last update by': 'timothee.potier', 'lien republication': '/fr-FR/offer/republish/1563?destination=/fr-FR/admin/content/offers%3Ftitle%3D%26agency%3DAll%26sii_language%3DAll%26status%3DAll%26page%3D0', 'lien suppression': '/fr-FR/node/1563/delete?destination=/fr-FR/admin/content/offers%3Ftitle%3D%26agency%3DAll%26sii_language%3DAll%26status%3DAll%26page%3D0'}, {'Title': 'Ingénieur VMware (H/F)', 'Référence': 'TPVIRTU35', 'Agency': 'SII Ouest', 'Lieu': 'Rennes', 'Language': 'French (France)', 'Status': 'Published', 'Author': 'timothee.potier', 'Updated Trier par ordre croissant': '14/03/2023 - 12:22', 'Last update by': 'timothee.potier', 'lien republication': '/fr-FR/offer/republish/4385?destination=/fr-FR/admin/content/offers%3Ftitle%3D%26agency%3DAll%26sii_language%3DAll%26status%3DAll%26page%3D0', 'lien suppression': '/fr-FR/node/4385/delete?destination=/fr-FR/admin/content/offers%3Ftitle%3D%26agency%3DAll%26sii_language%3DAll%26status%3DAll%26page%3D0'}, {'Title': 'Ingénieur Réseau H/F', 'Référence': 'IRHLE', 'Agency': 'SII Ouest', 'Lieu': 'Rennes', 'Language': 'French (France)', 'Status': 'Published', 'Author': 'hlefevre', 'Updated Trier par ordre croissant': '14/03/2023 - 12:22', 'Last update by': 'timothee.potier', 'lien republication': '/fr-FR/offer/republish/3219?destination=/fr-FR/admin/content/offers%3Ftitle%3D%26agency%3DAll%26sii_language%3DAll%26status%3DAll%26page%3D0', 'lien suppression': '/fr-FR/node/3219/delete?destination=/fr-FR/admin/content/offers%3Ftitle%3D%26agency%3DAll%26sii_language%3DAll%26status%3DAll%26page%3D0'}, {'Title': 'Ingénieur Réseaux et Sécurité H/F', 'Référence': 'IRSHLE', 'Agency': 'SII Ouest', 'Lieu': 'Rennes', 'Language': 'French (France)', 'Status': 'Published', 'Author': 'hlefevre', 'Updated Trier par ordre croissant': '14/03/2023 - 12:22', 'Last update by': 'timothee.potier', 'lien republication': '/fr-FR/offer/republish/2041?destination=/fr-FR/admin/content/offers%3Ftitle%3D%26agency%3DAll%26sii_language%3DAll%26status%3DAll%26page%3D0', 'lien suppression': '/fr-FR/node/2041/delete?destination=/fr-FR/admin/content/offers%3Ftitle%3D%26agency%3DAll%26sii_language%3DAll%26status%3DAll%26page%3D0'}, {'Title': 'Architecte Cloud H/F', 'Référence': 'ACL1', 'Agency': 'SII Ouest', 'Lieu': 'Rennes', 'Language': 'French (France)', 'Status': 'Published', 'Author': 'hlefevre', 'Updated Trier par ordre croissant': '14/03/2023 - 12:21', 'Last update by': 'timothee.potier', 'lien republication': '/fr-FR/offer/republish/1951?destination=/fr-FR/admin/content/offers%3Ftitle%3D%26agency%3DAll%26sii_language%3DAll%26status%3DAll%26page%3D0', 'lien suppression': '/fr-FR/node/1951/delete?destination=/fr-FR/admin/content/offers%3Ftitle%3D%26agency%3DAll%26sii_language%3DAll%26status%3DAll%26page%3D0'}, {'Title': 'Administrateur VMware H/F', 'Référence': 'HLEAVM', 'Agency': 'SII Ouest', 'Lieu': 'Rennes', 'Language': 'French (France)', 'Status': 'Published', 'Author': 'hlefevre', 'Updated Trier par ordre croissant': '14/03/2023 - 12:21', 'Last update by': 'timothee.potier', 'lien republication': '/fr-FR/offer/republish/3233?destination=/fr-FR/admin/content/offers%3Ftitle%3D%26agency%3DAll%26sii_language%3DAll%26status%3DAll%26page%3D0', 'lien suppression': '/fr-FR/node/3233/delete?destination=/fr-FR/admin/content/offers%3Ftitle%3D%26agency%3DAll%26sii_language%3DAll%26status%3DAll%26page%3D0'}, {'Title': 'Architecte Infrastructure H/F', 'Référence': 'AI', 'Agency': 'SII Ouest', 'Lieu': 'Rennes', 'Language': 'French (France)', 'Status': 'Published', 'Author': 'hlefevre', 'Updated Trier par ordre croissant': '14/03/2023 - 12:20', 'Last update by': 'timothee.potier', 'lien republication': '/fr-FR/offer/republish/1764?destination=/fr-FR/admin/content/offers%3Ftitle%3D%26agency%3DAll%26sii_language%3DAll%26status%3DAll%26page%3D0', 'lien suppression': '/fr-FR/node/1764/delete?destination=/fr-FR/admin/content/offers%3Ftitle%3D%26agency%3DAll%26sii_language%3DAll%26status%3DAll%26page%3D0'}, {'Title': 'Ingénieur Système Linux H/F', 'Référence': 'TPLINUX35', 'Agency': 'SII Ouest', 'Lieu': 'Rennes', 'Language': 'French (France)', 'Status': 'Published', 'Author': 'timothee.potier', 'Updated Trier par ordre croissant': '14/03/2023 - 12:20', 'Last update by': 'timothee.potier', 'lien republication': '/fr-FR/offer/republish/4994?destination=/fr-FR/admin/content/offers%3Ftitle%3D%26agency%3DAll%26sii_language%3DAll%26status%3DAll%26page%3D0', 'lien suppression': '/fr-FR/node/4994/delete?destination=/fr-FR/admin/content/offers%3Ftitle%3D%26agency%3DAll%26sii_language%3DAll%26status%3DAll%26page%3D0'}, {'Title': 'Développeur Java H/F', 'Référence': 'DEVSTAGE29', 'Agency': 'SII Ouest', 'Lieu': 'Brest', 'Language': 'French (France)', 'Status': 'Published', 'Author': 'marjorie.lhostis', 'Updated Trier par ordre croissant': '13/03/2023 - 16:26', 'Last update by': 'marjorie.lhostis', 'lien republication': '/fr-FR/offer/republish/5087?destination=/fr-FR/admin/content/offers%3Ftitle%3D%26agency%3DAll%26sii_language%3DAll%26status%3DAll%26page%3D0', 'lien suppression': '/fr-FR/node/5087/delete?destination=/fr-FR/admin/content/offers%3Ftitle%3D%26agency%3DAll%26sii_language%3DAll%26status%3DAll%26page%3D0'}, {'Title': 'Développeur full stack Java/Angular Stagiaire (F/H)', 'Référence': 'STAGE-DEV', 'Agency': 'SII Ouest', 'Lieu': 'Rennes', 'Language': 'French (France)', 'Status': 'Unpublished', 'Author': 'bjouault', 'Updated Trier par ordre croissant': '28/02/2023 - 09:50', 'Last update by': 'bjouault', 'lien republication': '/fr-FR/offer/republish/4666?destination=/fr-FR/admin/content/offers%3Ftitle%3D%26agency%3DAll%26sii_language%3DAll%26status%3DAll%26page%3D0'}, {'Title': 'Technicien support H/F', 'Référence': 'VIP', 'Agency': 'SII Ouest', 'Lieu': 'Le Mans', 'Language': 'French (France)', 'Status': 'Published', 'Author': 'julia.luconi', 'Updated Trier par ordre croissant': '23/02/2023 - 15:42', 'Last update by': 'julia.luconi', 'lien republication': '/fr-FR/offer/republish/2498?destination=/fr-FR/admin/content/offers%3Ftitle%3D%26agency%3DAll%26sii_language%3DAll%26status%3DAll%26page%3D0', 'lien suppression': '/fr-FR/node/2498/delete?destination=/fr-FR/admin/content/offers%3Ftitle%3D%26agency%3DAll%26sii_language%3DAll%26status%3DAll%26page%3D0'}, {'Title': 'Pilote de production H/F', 'Référence': 'PIL/PROD/CFO', 'Agency': 'SII Ouest', 'Lieu': 'Caen', 'Language': 'French (France)', 'Status': 'Published', 'Author': 'camille.fossey', 'Updated Trier par ordre croissant': '23/02/2023 - 15:37', 'Last update by': 'camille.fossey', 'lien republication': '/fr-FR/offer/republish/5019?destination=/fr-FR/admin/content/offers%3Ftitle%3D%26agency%3DAll%26sii_language%3DAll%26status%3DAll%26page%3D0', 'lien suppression': '/fr-FR/node/5019/delete?destination=/fr-FR/admin/content/offers%3Ftitle%3D%26agency%3DAll%26sii_language%3DAll%26status%3DAll%26page%3D0'}, {'Title': 'Ingénieur en Virtualisation H/F', 'Référence': 'ING/VIRTU/CFO', 'Agency': 'SII Ouest', 'Lieu': 'Caen', 'Language': 'French (France)', 'Status': 'Published', 'Author': 'camille.fossey', 'Updated Trier par ordre croissant': '23/02/2023 - 15:37', 'Last update by': 'camille.fossey', 'lien republication': '/fr-FR/offer/republish/4725?destination=/fr-FR/admin/content/offers%3Ftitle%3D%26agency%3DAll%26sii_language%3DAll%26status%3DAll%26page%3D0', 'lien suppression': '/fr-FR/node/4725/delete?destination=/fr-FR/admin/content/offers%3Ftitle%3D%26agency%3DAll%26sii_language%3DAll%26status%3DAll%26page%3D0'}, {'Title': 'Ingénieur Support H/F', 'Référence': 'ING/SUPP/CFO', 'Agency': 'SII Ouest', 'Lieu': 'Caen', 'Language': 'French (France)', 'Status': 'Published', 'Author': 'camille.fossey', 'Updated Trier par ordre croissant': '23/02/2023 - 15:37', 'Last update by': 'camille.fossey', 'lien republication': '/fr-FR/offer/republish/4724?destination=/fr-FR/admin/content/offers%3Ftitle%3D%26agency%3DAll%26sii_language%3DAll%26status%3DAll%26page%3D0', 'lien suppression': '/fr-FR/node/4724/delete?destination=/fr-FR/admin/content/offers%3Ftitle%3D%26agency%3DAll%26sii_language%3DAll%26status%3DAll%26page%3D0'}, {'Title': 'TEST TEST', 'Référence': 'CPEHLr', 'Agency': 'SII Ouest', 'Lieu': 'Rennes', 'Language': 'French (France)', 'Status': 'Published', 'Author': 'TEST', 'Updated Trier par ordre croissant': '12/04/2023 - 16:29', 'Last update by': 'timothee.potier', 'lien republication': '/fr-FR/offer/republish/2011?destination=/fr-FR/admin/content/offers%3Ftitle%3D%26agency%3DAll%26sii_language%3DAll%26status%3DAll%26page%3D0', 'lien suppression': '/fr-FR/node/2011/delete?destination=/fr-FR/admin/content/offers%3Ftitle%3D%26agency%3DAll%26sii_language%3DAll%26status%3DAll%26page%3D0'}, {'Title': 'TEST', 'Référence': 'CPEHLE', 'Agency': 'SII EST', 'Lieu': 'Strasbourg', 'Language': 'French (France)', 'Status': 'Published', 'Author': 'Robert', 'Updated Trier par ordre croissant': '12/04/2023 - 16:29', 'Last update by': 'timothee.potier', 'lien republication': '/fr-FR/offer/republish/2012?destination=/fr-FR/admin/content/offers%3Ftitle%3D%26agency%3DAll%26sii_language%3DAll%26status%3DAll%26page%3D0', 'lien suppression': '/fr-FR/node/2012/delete?destination=/fr-FR/admin/content/offers%3Ftitle%3D%26agency%3DAll%26sii_language%3DAll%26status%3DAll%26page%3D0'}]</msg>
<status status="PASS" starttime="20230504 11:19:48.239" endtime="20230504 11:19:48.241"/>
</kw>
<status status="PASS" starttime="20230504 11:19:48.217" endtime="20230504 11:19:48.241"/>
</kw>
<status status="PASS" starttime="20230504 11:19:48.204" endtime="20230504 11:19:48.242"/>
</test>
<status status="PASS" starttime="20230504 11:19:47.927" endtime="20230504 11:19:48.243"/>
</suite>
<statistics>
<total>
<stat pass="1" fail="0" skip="0">All Tests</stat>
</total>
<tag>
</tag>
<suite>
<stat pass="1" fail="0" skip="0" id="s1" name="Test">Test</stat>
</suite>
</statistics>
<errors>
</errors>
</robot>
