<?xml version="1.0" encoding="UTF-8"?>
<robot generator="Robot 6.0.2 (Python 3.11.3 on win32)" generated="20230504 16:58:05.842" rpa="false" schemaversion="3">
<suite id="s1" name="Test" source="d:\Users\martin.jautee\Documents\SII-OFFERS\test.robot">
<test id="s1-t1" name="Initialisation" line="26">
<kw name="Connexion à la page">
<arg>${url}</arg>
<tag>Connexion à la page</tag>
<kw name="Connexion Page" library="prog_principal">
<arg>${url}</arg>
<doc>Ouvre une page web à l'aide de Selenium WebDriver.</doc>
<status status="PASS" starttime="20230504 16:58:06.130" endtime="20230504 16:58:07.707"/>
</kw>
<status status="PASS" starttime="20230504 16:58:06.130" endtime="20230504 16:58:07.708"/>
</kw>
<kw name="Récuperation des annonces">
<tag>Récuperer toutes les annonces par pages et creer deux fichiers json, un pour les filtres et un autres pour les annonces</tag>
<kw name="Run Keyword" library="BuiltIn">
<var>${result}</var>
<arg>Recuperer Donnees Pages</arg>
<doc>Executes the given keyword with the given arguments.</doc>
<kw name="Recuperer Donnees Pages" library="prog_principal">
<doc>Cette fonction permet de parcourir toutes les pages web et d'extraire les données de chaque tableau dans un dictionnaire.
La fonction "verifier_element_present(element)" permet de vérifiér que le lien vers la page suivante est toujoures présent.
Tant que cette condition est respectée le dictionnaire continue de parcourir les tableau grâce à la fonction "parcourir_tableau(dictionnaire)"
La génère un fichier JSON contenant toutes les annonces à partir du dictionnaire des annonces complet et également un autre fichier JSON 
contenant les filtres associé à la valeur des des clés du dictionnaire de filtre.</doc>
<msg timestamp="20230504 16:58:23.748" level="INFO">caca : &lt;built-in function exc_info&gt;
caca : &lt;built-in function exc_info&gt;
caca : &lt;built-in function exc_info&gt;
caca : &lt;built-in function exc_info&gt;
caca : &lt;built-in function exc_info&gt;</msg>
<status status="PASS" starttime="20230504 16:58:07.709" endtime="20230504 16:58:23.750"/>
</kw>
<msg timestamp="20230504 16:58:23.751" level="INFO">${result} = {'2010': {'Title': 'Chef de projet expérimenté Infrastructure H/F', 'Référence': 'CPEHLE', 'Agency': 'SII Ouest', 'Lieu': 'Rennes', 'Language': 'French (France)', 'Status': 'Published', 'Author': 'hle...</msg>
<status status="PASS" starttime="20230504 16:58:07.709" endtime="20230504 16:58:23.752"/>
</kw>
<kw name="Set Variable" library="BuiltIn">
<var>${dictionnaire_annonces}</var>
<arg>${result}</arg>
<doc>Returns the given values which can then be assigned to a variables.</doc>
<msg timestamp="20230504 16:58:23.753" level="INFO">${dictionnaire_annonces} = {'2010': {'Title': 'Chef de projet expérimenté Infrastructure H/F', 'Référence': 'CPEHLE', 'Agency': 'SII Ouest', 'Lieu': 'Rennes', 'Language': 'French (France)', 'Status': 'Published', 'Author': 'hle...</msg>
<status status="PASS" starttime="20230504 16:58:23.752" endtime="20230504 16:58:23.754"/>
</kw>
<kw name="Set Suite Variable" library="BuiltIn">
<arg>${dictionnaire_annonces}</arg>
<doc>Makes a variable available everywhere within the scope of the current suite.</doc>
<msg timestamp="20230504 16:58:23.755" level="INFO">${dictionnaire_annonces} = {'2010': {'Title': 'Chef de projet expérimenté Infrastructure H/F', 'Référence': 'CPEHLE', 'Agency': 'SII Ouest', 'Lieu': 'Rennes', 'Language': 'French (France)', 'Status': 'Published', 'Author': 'hle...</msg>
<status status="PASS" starttime="20230504 16:58:23.754" endtime="20230504 16:58:23.755"/>
</kw>
<kw name="Log" library="BuiltIn">
<arg>${dictionnaire_annonces}</arg>
<doc>Logs the given message with the given level.</doc>
<msg timestamp="20230504 16:58:23.756" level="INFO">{'2010': {'Title': 'Chef de projet expérimenté Infrastructure H/F', 'Référence': 'CPEHLE', 'Agency': 'SII Ouest', 'Lieu': 'Rennes', 'Language': 'French (France)', 'Status': 'Published', 'Author': 'hlefevre', 'Updated Trier par ordre croissant': '12/04/2023 - 16:29', 'Last update by': 'timothee.potier', 'lien republication': '/fr-FR/offer/republish/2010?destination=/fr-FR/admin/content/offers%3Ftitle%3D%26agency%3DAll%26sii_language%3DAll%26status%3DAll%26page%3D0', 'lien suppression': '/fr-FR/node/2010/delete?destination=/fr-FR/admin/content/offers%3Ftitle%3D%26agency%3DAll%26sii_language%3DAll%26status%3DAll%26page%3D0'}, '4979': {'Title': 'Développeur PHP H/F', 'Référence': 'TP22PHP', 'Agency': 'SII Ouest', 'Lieu': 'Lannion', 'Language': 'French (France)', 'Status': 'Published', 'Author': 'timothee.potier', 'Updated Trier par ordre croissant': '12/04/2023 - 16:12', 'Last update by': 'timothee.potier', 'lien republication': '/fr-FR/offer/republish/4979?destination=/fr-FR/admin/content/offers%3Ftitle%3D%26agency%3DAll%26sii_language%3DAll%26status%3DAll%26page%3D0', 'lien suppression': '/fr-FR/node/4979/delete?destination=/fr-FR/admin/content/offers%3Ftitle%3D%26agency%3DAll%26sii_language%3DAll%26status%3DAll%26page%3D0'}, '4304': {'Title': 'Développeur C (H/F)', 'Référence': 'TPDEVC22', 'Agency': 'SII Ouest', 'Lieu': 'Lannion', 'Language': 'French (France)', 'Status': 'Published', 'Author': 'timothee.potier', 'Updated Trier par ordre croissant': '12/04/2023 - 16:12', 'Last update by': 'timothee.potier', 'lien republication': '/fr-FR/offer/republish/4304?destination=/fr-FR/admin/content/offers%3Ftitle%3D%26agency%3DAll%26sii_language%3DAll%26status%3DAll%26page%3D0', 'lien suppression': '/fr-FR/node/4304/delete?destination=/fr-FR/admin/content/offers%3Ftitle%3D%26agency%3DAll%26sii_language%3DAll%26status%3DAll%26page%3D0'}, '5102': {'Title': 'Ingénieur DevOps (H/F)', 'Référence': 'TPDEVOPS22', 'Agency': 'SII Ouest', 'Lieu': 'Lannion', 'Language': 'French (France)', 'Status': 'Published', 'Author': 'timothee.potier', 'Updated Trier par ordre croissant': '12/04/2023 - 10:55', 'Last update by': 'timothee.potier', 'lien republication': '/fr-FR/offer/republish/5102?destination=/fr-FR/admin/content/offers%3Ftitle%3D%26agency%3DAll%26sii_language%3DAll%26status%3DAll%26page%3D0', 'lien suppression': '/fr-FR/node/5102/delete?destination=/fr-FR/admin/content/offers%3Ftitle%3D%26agency%3DAll%26sii_language%3DAll%26status%3DAll%26page%3D0'}, '4305': {'Title': 'Ingénieur Test Fonctionnel (H/F)', 'Référence': 'TPTEST22', 'Agency': 'SII Ouest', 'Lieu': 'Lannion', 'Language': 'French (France)', 'Status': 'Published', 'Author': 'timothee.potier', 'Updated Trier par ordre croissant': '12/04/2023 - 10:55', 'Last update by': 'timothee.potier', 'lien republication': '/fr-FR/offer/republish/4305?destination=/fr-FR/admin/content/offers%3Ftitle%3D%26agency%3DAll%26sii_language%3DAll%26status%3DAll%26page%3D0', 'lien suppression': '/fr-FR/node/4305/delete?destination=/fr-FR/admin/content/offers%3Ftitle%3D%26agency%3DAll%26sii_language%3DAll%26status%3DAll%26page%3D0'}, '5199': {'Title': 'Chargé(e) de Ressources Humaines Confirmé(e) (H/F)', 'Référence': 'CRHCRENN', 'Agency': 'SII Ouest', 'Lieu': 'Rennes', 'Language': 'French (France)', 'Status': 'Published', 'Author': 'afromentoux', 'Updated Trier par ordre croissant': '07/04/2023 - 16:36', 'Last update by': 'afromentoux', 'lien republication': '/fr-FR/offer/republish/5199?destination=/fr-FR/admin/content/offers%3Ftitle%3D%26agency%3DAll%26sii_language%3DAll%26status%3DAll%26page%3D0', 'lien suppression': '/fr-FR/node/5199/delete?destination=/fr-FR/admin/content/offers%3Ftitle%3D%26agency%3DAll%26sii_language%3DAll%26status%3DAll%26page%3D0'}, '1719': {'Title': 'Consultant AMOA H/F', 'Référence': 'AMOA29', 'Agency': 'SII Ouest', 'Lieu': 'Brest', 'Language': 'French (France)', 'Status': 'Published', 'Author': 'marjorie.lhostis', 'Updated Trier par ordre croissant': '04/04/2023 - 17:10', 'Last update by': 'marjorie.lhostis', 'lien republication': '/fr-FR/offer/republish/1719?destination=/fr-FR/admin/content/offers%3Ftitle%3D%26agency%3DAll%26sii_language%3DAll%26status%3DAll%26page%3D0', 'lien suppression': '/fr-FR/node/1719/delete?destination=/fr-FR/admin/content/offers%3Ftitle%3D%26agency%3DAll%26sii_language%3DAll%26status%3DAll%26page%3D0'}, '1686': {'Title': 'Ingénieur Développement Java EE expérimenté H/F', 'Référence': 'IDJ2997', 'Agency': 'SII Ouest', 'Lieu': 'Brest', 'Language': 'French (France)', 'Status': 'Published', 'Author': 'marjorie.lhostis', 'Updated Trier par ordre croissant': '04/04/2023 - 17:10', 'Last update by': 'marjorie.lhostis', 'lien republication': '/fr-FR/offer/republish/1686?destination=/fr-FR/admin/content/offers%3Ftitle%3D%26agency%3DAll%26sii_language%3DAll%26status%3DAll%26page%3D0', 'lien suppression': '/fr-FR/node/1686/delete?destination=/fr-FR/admin/content/offers%3Ftitle%3D%26agency%3DAll%26sii_language%3DAll%26status%3DAll%26page%3D0'}, '2401': {'Title': 'Consultant SI/Cloud H/F', 'Référence': 'CSWAT29', 'Agency': 'SII Ouest', 'Lieu': 'Brest', 'Language': 'French (France)', 'Status': 'Published', 'Author': 'Anonymous (non vérifié)', 'Updated Trier par ordre croissant': '04/04/2023 - 17:09', 'Last update by': 'marjorie.lhostis', 'lien republication': '/fr-FR/offer/republish/2401?destination=/fr-FR/admin/content/offers%3Ftitle%3D%26agency%3DAll%26sii_language%3DAll%26status%3DAll%26page%3D0', 'lien suppression': '/fr-FR/node/2401/delete?destination=/fr-FR/admin/content/offers%3Ftitle%3D%26agency%3DAll%26sii_language%3DAll%26status%3DAll%26page%3D0'}, '2588': {'Title': 'Business Analyst H/F', 'Référence': 'BA29', 'Agency': 'SII Ouest', 'Lieu': 'Brest', 'Language': 'French (France)', 'Status': 'Published', 'Author': 'marjorie.lhostis', 'Updated Trier par ordre croissant': '04/04/2023 - 17:09', 'Last update by': 'marjorie.lhostis', 'lien republication': '/fr-FR/offer/republish/2588?destination=/fr-FR/admin/content/offers%3Ftitle%3D%26agency%3DAll%26sii_language%3DAll%26status%3DAll%26page%3D0', 'lien suppression': '/fr-FR/node/2588/delete?destination=/fr-FR/admin/content/offers%3Ftitle%3D%26agency%3DAll%26sii_language%3DAll%26status%3DAll%26page%3D0'}, '2503': {'Title': 'Chef de projet H/F', 'Référence': 'CDP29D', 'Agency': 'SII Ouest', 'Lieu': 'Brest', 'Language': 'French (France)', 'Status': 'Published', 'Author': 'marjorie.lhostis', 'Updated Trier par ordre croissant': '04/04/2023 - 17:08', 'Last update by': 'marjorie.lhostis', 'lien republication': '/fr-FR/offer/republish/2503?destination=/fr-FR/admin/content/offers%3Ftitle%3D%26agency%3DAll%26sii_language%3DAll%26status%3DAll%26page%3D0', 'lien suppression': '/fr-FR/node/2503/delete?destination=/fr-FR/admin/content/offers%3Ftitle%3D%26agency%3DAll%26sii_language%3DAll%26status%3DAll%26page%3D0'}, '2867': {'Title': 'Product Owner H/F', 'Référence': 'PO29', 'Agency': 'SII Ouest', 'Lieu': 'Brest', 'Language': 'French (France)', 'Status': 'Published', 'Author': 'marjorie.lhostis', 'Updated Trier par ordre croissant': '04/04/2023 - 17:07', 'Last update by': 'marjorie.lhostis', 'lien republication': '/fr-FR/offer/republish/2867?destination=/fr-FR/admin/content/offers%3Ftitle%3D%26agency%3DAll%26sii_language%3DAll%26status%3DAll%26page%3D0', 'lien suppression': '/fr-FR/node/2867/delete?destination=/fr-FR/admin/content/offers%3Ftitle%3D%26agency%3DAll%26sii_language%3DAll%26status%3DAll%26page%3D0'}, '1566': {'Title': 'Chef de projet H/F', 'Référence': 'CDPD2901', 'Agency': 'SII Ouest', 'Lieu': 'Brest', 'Language': 'French (France)', 'Status': 'Published', 'Author': 'Admin-lqSbNvM-…', 'Updated Trier par ordre croissant': '04/04/2023 - 17:07', 'Last update by': 'marjorie.lhostis', 'lien republication': '/fr-FR/offer/republish/1566?destination=/fr-FR/admin/content/offers%3Ftitle%3D%26agency%3DAll%26sii_language%3DAll%26status%3DAll%26page%3D0', 'lien suppression': '/fr-FR/node/1566/delete?destination=/fr-FR/admin/content/offers%3Ftitle%3D%26agency%3DAll%26sii_language%3DAll%26status%3DAll%26page%3D0'}, '2104': {'Title': 'Consultant DEVOPS H/F', 'Référence': 'INDEVOPS29', 'Agency': 'SII Ouest', 'Lieu': 'Brest', 'Language': 'French (France)', 'Status': 'Published', 'Author': 'marjorie.lhostis', 'Updated Trier par ordre croissant': '04/04/2023 - 17:06', 'Last update by': 'marjorie.lhostis', 'lien republication': '/fr-FR/offer/republish/2104?destination=/fr-FR/admin/content/offers%3Ftitle%3D%26agency%3DAll%26sii_language%3DAll%26status%3DAll%26page%3D0', 'lien suppression': '/fr-FR/node/2104/delete?destination=/fr-FR/admin/content/offers%3Ftitle%3D%26agency%3DAll%26sii_language%3DAll%26status%3DAll%26page%3D0'}, '2404': {'Title': 'Ingénieur développement Full Stack H/F', 'Référence': 'DEVFULLSTACK29', 'Agency': 'SII Ouest', 'Lieu': 'Brest', 'Language': 'French (France)', 'Status': 'Published', 'Author': 'Anonymous (non vérifié)', 'Updated Trier par ordre croissant': '04/04/2023 - 17:06', 'Last update by': 'marjorie.lhostis', 'lien republication': '/fr-FR/offer/republish/2404?destination=/fr-FR/admin/content/offers%3Ftitle%3D%26agency%3DAll%26sii_language%3DAll%26status%3DAll%26page%3D0', 'lien suppression': '/fr-FR/node/2404/delete?destination=/fr-FR/admin/content/offers%3Ftitle%3D%26agency%3DAll%26sii_language%3DAll%26status%3DAll%26page%3D0'}, '3453': {'Title': 'DBA | Administrateur bases de données H/F', 'Référence': 'ADBDD29', 'Agency': 'SII Ouest', 'Lieu': 'Brest', 'Language': 'French (France)', 'Status': 'Published', 'Author': 'marjorie.lhostis', 'Updated Trier par ordre croissant': '04/04/2023 - 17:06', 'Last update by': 'marjorie.lhostis', 'lien republication': '/fr-FR/offer/republish/3453?destination=/fr-FR/admin/content/offers%3Ftitle%3D%26agency%3DAll%26sii_language%3DAll%26status%3DAll%26page%3D0', 'lien suppression': '/fr-FR/node/3453/delete?destination=/fr-FR/admin/content/offers%3Ftitle%3D%26agency%3DAll%26sii_language%3DAll%26status%3DAll%26page%3D0'}, '4805': {'Title': 'Testeur Logiciel H/F', 'Référence': 'TEST29', 'Agency': 'SII Ouest', 'Lieu': 'Brest', 'Language': 'French (France)', 'Status': 'Published', 'Author': 'marjorie.lhostis', 'Updated Trier par ordre croissant': '04/04/2023 - 17:06', 'Last update by': 'marjorie.lhostis', 'lien republication': '/fr-FR/offer/republish/4805?destination=/fr-FR/admin/content/offers%3Ftitle%3D%26agency%3DAll%26sii_language%3DAll%26status%3DAll%26page%3D0', 'lien suppression': '/fr-FR/node/4805/delete?destination=/fr-FR/admin/content/offers%3Ftitle%3D%26agency%3DAll%26sii_language%3DAll%26status%3DAll%26page%3D0'}, '1687': {'Title': 'Administrateur Infrastructure Systèmes H/F', 'Référence': 'AIS29103', 'Agency': 'SII Ouest', 'Lieu': 'Brest', 'Language': 'French (France)', 'Status': 'Published', 'Author': 'marjorie.lhostis', 'Updated Trier par ordre croissant': '04/04/2023 - 17:04', 'Last update by': 'marjorie.lhostis', 'lien republication': '/fr-FR/offer/republish/1687?destination=/fr-FR/admin/content/offers%3Ftitle%3D%26agency%3DAll%26sii_language%3DAll%26status%3DAll%26page%3D0', 'lien suppression': '/fr-FR/node/1687/delete?destination=/fr-FR/admin/content/offers%3Ftitle%3D%26agency%3DAll%26sii_language%3DAll%26status%3DAll%26page%3D0'}, '2403': {'Title': 'Ingénieur développement Kotlin/Java H/F', 'Référence': 'DEVKOTLIN', 'Agency': 'SII Ouest', 'Lieu': 'Brest', 'Language': 'French (France)', 'Status': 'Published', 'Author': 'Anonymous (non vérifié)', 'Updated Trier par ordre croissant': '04/04/2023 - 17:04', 'Last update by': 'marjorie.lhostis', 'lien republication': '/fr-FR/offer/republish/2403?destination=/fr-FR/admin/content/offers%3Ftitle%3D%26agency%3DAll%26sii_language%3DAll%26status%3DAll%26page%3D0', 'lien suppression': '/fr-FR/node/2403/delete?destination=/fr-FR/admin/content/offers%3Ftitle%3D%26agency%3DAll%26sii_language%3DAll%26status%3DAll%26page%3D0'}, '2872': {'Title': 'Ingénieur Développement Java (client lourd) H/F', 'Référence': 'DEVJAVACL29', 'Agency': 'SII Ouest', 'Lieu': 'Brest', 'Language': 'French (France)', 'Status': 'Published', 'Author': 'marjorie.lhostis', 'Updated Trier par ordre croissant': '04/04/2023 - 17:02', 'Last update by': 'marjorie.lhostis', 'lien republication': '/fr-FR/offer/republish/2872?destination=/fr-FR/admin/content/offers%3Ftitle%3D%26agency%3DAll%26sii_language%3DAll%26status%3DAll%26page%3D0', 'lien suppression': '/fr-FR/node/2872/delete?destination=/fr-FR/admin/content/offers%3Ftitle%3D%26agency%3DAll%26sii_language%3DAll%26status%3DAll%26page%3D0'}, '4336': {'Title': 'Architecte Testing (h/f)', 'Référence': 'CTPE35', 'Agency': 'SII Ouest', 'Lieu': 'Rennes', 'Language': 'French (France)', 'Status': 'Published', 'Author': 'mlemen', 'Updated Trier par ordre croissant': '03/04/2023 - 16:39', 'Last update by': 'mlemen', 'lien republication': '/fr-FR/offer/republish/4336?destination=/fr-FR/admin/content/offers%3Ftitle%3D%26agency%3DAll%26sii_language%3DAll%26status%3DAll%26page%3D0', 'lien suppression': '/fr-FR/node/4336/delete?destination=/fr-FR/admin/content/offers%3Ftitle%3D%26agency%3DAll%26sii_language%3DAll%26status%3DAll%26page%3D0'}, '4842': {'Title': 'Architecte Big Data H/F', 'Référence': 'ABDMLM35', 'Agency': 'SII Ouest', 'Lieu': 'Rennes', 'Language': 'French (France)', 'Status': 'Published', 'Author': 'mlemen', 'Updated Trier par ordre croissant': '03/04/2023 - 16:39', 'Last update by': 'mlemen', 'lien republication': '/fr-FR/offer/republish/4842?destination=/fr-FR/admin/content/offers%3Ftitle%3D%26agency%3DAll%26sii_language%3DAll%26status%3DAll%26page%3D0', 'lien suppression': '/fr-FR/node/4842/delete?destination=/fr-FR/admin/content/offers%3Ftitle%3D%26agency%3DAll%26sii_language%3DAll%26status%3DAll%26page%3D0'}, '4653': {'Title': 'Chef de projet Qualité / Performance Opérationnelle IT (H/F)', 'Référence': 'IQP35MLM', 'Agency': 'SII Ouest', 'Lieu': 'Rennes', 'Language': 'French (France)', 'Status': 'Unpublished', 'Author': 'mlemen', 'Updated Trier par ordre croissant': '03/04/2023 - 16:38', 'Last update by': 'mlemen', 'lien republication': '/fr-FR/offer/republish/4653?destination=/fr-FR/admin/content/offers%3Ftitle%3D%26agency%3DAll%26sii_language%3DAll%26status%3DAll%26page%3D0'}, '2747': {'Title': 'Développeur Big Data en alternance H/F', 'Référence': 'ALT BD', 'Agency': 'SII Ouest', 'Lieu': 'Le Mans', 'Language': 'French (France)', 'Status': 'Published', 'Author': 'julia.luconi', 'Updated Trier par ordre croissant': '03/04/2023 - 10:58', 'Last update by': 'julia.luconi', 'lien republication': '/fr-FR/offer/republish/2747?destination=/fr-FR/admin/content/offers%3Ftitle%3D%26agency%3DAll%26sii_language%3DAll%26status%3DAll%26page%3D0', 'lien suppression': '/fr-FR/node/2747/delete?destination=/fr-FR/admin/content/offers%3Ftitle%3D%26agency%3DAll%26sii_language%3DAll%26status%3DAll%26page%3D0'}, '4087': {'Title': 'Business Intelligence QA', 'Référence': 'BIQA', 'Agency': 'SII Ouest', 'Lieu': 'Le Mans', 'Language': 'French (France)', 'Status': 'Unpublished', 'Author': 'julia.luconi', 'Updated Trier par ordre croissant': '03/04/2023 - 10:53', 'Last update by': 'julia.luconi', 'lien republication': '/fr-FR/offer/republish/4087?destination=/fr-FR/admin/content/offers%3Ftitle%3D%26agency%3DAll%26sii_language%3DAll%26status%3DAll%26page%3D0'}, '3854': {'Title': 'Stagiaire Business Manager (H/F)', 'Référence': 'STAGEBMRENAFR', 'Agency': 'SII Ouest', 'Lieu': 'Rennes', 'Language': 'French (France)', 'Status': 'Unpublished', 'Author': 'afromentoux', 'Updated Trier par ordre croissant': '30/03/2023 - 10:32', 'Last update by': 'afromentoux', 'lien republication': '/fr-FR/offer/republish/3854?destination=/fr-FR/admin/content/offers%3Ftitle%3D%26agency%3DAll%26sii_language%3DAll%26status%3DAll%26page%3D0'}, '5039': {'Title': "Chargé(e) d'Accueil (H/F)", 'Référence': 'CACDIREN', 'Agency': 'SII Ouest', 'Lieu': 'Rennes', 'Language': 'French (France)', 'Status': 'Unpublished', 'Author': 'afromentoux', 'Updated Trier par ordre croissant': '30/03/2023 - 10:31', 'Last update by': 'afromentoux', 'lien republication': '/fr-FR/offer/republish/5039?destination=/fr-FR/admin/content/offers%3Ftitle%3D%26agency%3DAll%26sii_language%3DAll%26status%3DAll%26page%3D0'}, '3597': {'Title': 'Ingénieur développement mobile H/F', 'Référence': 'LM ANDROID', 'Agency': 'SII Ouest', 'Lieu': 'Le Mans', 'Language': 'French (France)', 'Status': 'Published', 'Author': 'julia.luconi', 'Updated Trier par ordre croissant': '27/03/2023 - 14:26', 'Last update by': 'julia.luconi', 'lien republication': '/fr-FR/offer/republish/3597?destination=/fr-FR/admin/content/offers%3Ftitle%3D%26agency%3DAll%26sii_language%3DAll%26status%3DAll%26page%3D0', 'lien suppression': '/fr-FR/node/3597/delete?destination=/fr-FR/admin/content/offers%3Ftitle%3D%26agency%3DAll%26sii_language%3DAll%26status%3DAll%26page%3D0'}, '3000': {'Title': 'Responsable IT Interne (H/F)', 'Référence': 'RITHLF', 'Agency': 'SII Ouest', 'Lieu': 'Rennes', 'Language': 'French (France)', 'Status': 'Published', 'Author': 'afromentoux', 'Updated Trier par ordre croissant': '23/03/2023 - 09:13', 'Last update by': 'afromentoux', 'lien republication': '/fr-FR/offer/republish/3000?destination=/fr-FR/admin/content/offers%3Ftitle%3D%26agency%3DAll%26sii_language%3DAll%26status%3DAll%26page%3D0', 'lien suppression': '/fr-FR/node/3000/delete?destination=/fr-FR/admin/content/offers%3Ftitle%3D%26agency%3DAll%26sii_language%3DAll%26status%3DAll%26page%3D0'}, '3847': {'Title': 'Manager IT H/F', 'Référence': 'MIT', 'Agency': 'SII Ouest', 'Lieu': 'Le Mans', 'Language': 'French (France)', 'Status': 'Published', 'Author': 'julia.luconi', 'Updated Trier par ordre croissant': '21/03/2023 - 18:15', 'Last update by': 'julia.luconi', 'lien republication': '/fr-FR/offer/republish/3847?destination=/fr-FR/admin/content/offers%3Ftitle%3D%26agency%3DAll%26sii_language%3DAll%26status%3DAll%26page%3D0', 'lien suppression': '/fr-FR/node/3847/delete?destination=/fr-FR/admin/content/offers%3Ftitle%3D%26agency%3DAll%26sii_language%3DAll%26status%3DAll%26page%3D0'}, '5121': {'Title': 'Développeurs mobile iOS et Android (H/F)', 'Référence': 'DEVMOB35/MVE', 'Agency': 'SII Ouest', 'Lieu': 'Rennes', 'Language': 'French (France)', 'Status': 'Published', 'Author': 'bjouault', 'Updated Trier par ordre croissant': '21/03/2023 - 11:18', 'Last update by': 'margaux.veuillot', 'lien republication': '/fr-FR/offer/republish/5121?destination=/fr-FR/admin/content/offers%3Ftitle%3D%26agency%3DAll%26sii_language%3DAll%26status%3DAll%26page%3D0', 'lien suppression': '/fr-FR/node/5121/delete?destination=/fr-FR/admin/content/offers%3Ftitle%3D%26agency%3DAll%26sii_language%3DAll%26status%3DAll%26page%3D0'}, '5120': {'Title': 'Responsable Commercial SII Brest (H/F)', 'Référence': 'RCOBREST', 'Agency': 'SII Ouest', 'Lieu': 'Brest', 'Language': 'French (France)', 'Status': 'Published', 'Author': 'afromentoux', 'Updated Trier par ordre croissant': '21/03/2023 - 10:28', 'Last update by': 'afromentoux', 'lien republication': '/fr-FR/offer/republish/5120?destination=/fr-FR/admin/content/offers%3Ftitle%3D%26agency%3DAll%26sii_language%3DAll%26status%3DAll%26page%3D0', 'lien suppression': '/fr-FR/node/5120/delete?destination=/fr-FR/admin/content/offers%3Ftitle%3D%26agency%3DAll%26sii_language%3DAll%26status%3DAll%26page%3D0'}, '2526': {'Title': 'Développeur Full Stack Java/Angular (H/F)', 'Référence': 'DEVFS35/MVE', 'Agency': 'SII Ouest', 'Lieu': 'Rennes', 'Language': 'French (France)', 'Status': 'Published', 'Author': 'bjouault', 'Updated Trier par ordre croissant': '15/03/2023 - 14:30', 'Last update by': 'margaux.veuillot', 'lien republication': '/fr-FR/offer/republish/2526?destination=/fr-FR/admin/content/offers%3Ftitle%3D%26agency%3DAll%26sii_language%3DAll%26status%3DAll%26page%3D0', 'lien suppression': '/fr-FR/node/2526/delete?destination=/fr-FR/admin/content/offers%3Ftitle%3D%26agency%3DAll%26sii_language%3DAll%26status%3DAll%26page%3D0'}, '5037': {'Title': 'Développeur VueJS expérimenté (H/F)', 'Référence': 'DEVVUEJS35/MVE', 'Agency': 'SII Ouest', 'Lieu': 'Rennes', 'Language': 'French (France)', 'Status': 'Published', 'Author': 'margaux.veuillot', 'Updated Trier par ordre croissant': '15/03/2023 - 11:53', 'Last update by': 'margaux.veuillot', 'lien republication': '/fr-FR/offer/republish/5037?destination=/fr-FR/admin/content/offers%3Ftitle%3D%26agency%3DAll%26sii_language%3DAll%26status%3DAll%26page%3D0', 'lien suppression': '/fr-FR/node/5037/delete?destination=/fr-FR/admin/content/offers%3Ftitle%3D%26agency%3DAll%26sii_language%3DAll%26status%3DAll%26page%3D0'}, '5097': {'Title': 'Ingénieur Système SRE (H/F)', 'Référence': 'TP35SRE', 'Agency': 'SII Ouest', 'Lieu': 'Rennes', 'Language': 'French (France)', 'Status': 'Published', 'Author': 'timothee.potier', 'Updated Trier par ordre croissant': '14/03/2023 - 12:28', 'Last update by': 'timothee.potier', 'lien republication': '/fr-FR/offer/republish/5097?destination=/fr-FR/admin/content/offers%3Ftitle%3D%26agency%3DAll%26sii_language%3DAll%26status%3DAll%26page%3D0', 'lien suppression': '/fr-FR/node/5097/delete?destination=/fr-FR/admin/content/offers%3Ftitle%3D%26agency%3DAll%26sii_language%3DAll%26status%3DAll%26page%3D0'}, '5096': {'Title': 'Ingénieur Système DevOps H/F', 'Référence': 'TP35DEVOPS', 'Agency': 'SII Ouest', 'Lieu': 'Rennes', 'Language': 'French (France)', 'Status': 'Published', 'Author': 'timothee.potier', 'Updated Trier par ordre croissant': '14/03/2023 - 12:25', 'Last update by': 'timothee.potier', 'lien republication': '/fr-FR/offer/republish/5096?destination=/fr-FR/admin/content/offers%3Ftitle%3D%26agency%3DAll%26sii_language%3DAll%26status%3DAll%26page%3D0', 'lien suppression': '/fr-FR/node/5096/delete?destination=/fr-FR/admin/content/offers%3Ftitle%3D%26agency%3DAll%26sii_language%3DAll%26status%3DAll%26page%3D0'}, '1563': {'Title': 'Administrateur Système et Réseaux H/F', 'Référence': 'ASR352', 'Agency': 'SII Ouest', 'Lieu': 'Rennes', 'Language': 'French (France)', 'Status': 'Published', 'Author': 'Admin-lqSbNvM-…', 'Updated Trier par ordre croissant': '14/03/2023 - 12:22', 'Last update by': 'timothee.potier', 'lien republication': '/fr-FR/offer/republish/1563?destination=/fr-FR/admin/content/offers%3Ftitle%3D%26agency%3DAll%26sii_language%3DAll%26status%3DAll%26page%3D0', 'lien suppression': '/fr-FR/node/1563/delete?destination=/fr-FR/admin/content/offers%3Ftitle%3D%26agency%3DAll%26sii_language%3DAll%26status%3DAll%26page%3D0'}, '4385': {'Title': 'Ingénieur VMware (H/F)', 'Référence': 'TPVIRTU35', 'Agency': 'SII Ouest', 'Lieu': 'Rennes', 'Language': 'French (France)', 'Status': 'Published', 'Author': 'timothee.potier', 'Updated Trier par ordre croissant': '14/03/2023 - 12:22', 'Last update by': 'timothee.potier', 'lien republication': '/fr-FR/offer/republish/4385?destination=/fr-FR/admin/content/offers%3Ftitle%3D%26agency%3DAll%26sii_language%3DAll%26status%3DAll%26page%3D0', 'lien suppression': '/fr-FR/node/4385/delete?destination=/fr-FR/admin/content/offers%3Ftitle%3D%26agency%3DAll%26sii_language%3DAll%26status%3DAll%26page%3D0'}, '3219': {'Title': 'Ingénieur Réseau H/F', 'Référence': 'IRHLE', 'Agency': 'SII Ouest', 'Lieu': 'Rennes', 'Language': 'French (France)', 'Status': 'Published', 'Author': 'hlefevre', 'Updated Trier par ordre croissant': '14/03/2023 - 12:22', 'Last update by': 'timothee.potier', 'lien republication': '/fr-FR/offer/republish/3219?destination=/fr-FR/admin/content/offers%3Ftitle%3D%26agency%3DAll%26sii_language%3DAll%26status%3DAll%26page%3D0', 'lien suppression': '/fr-FR/node/3219/delete?destination=/fr-FR/admin/content/offers%3Ftitle%3D%26agency%3DAll%26sii_language%3DAll%26status%3DAll%26page%3D0'}, '2041': {'Title': 'Ingénieur Réseaux et Sécurité H/F', 'Référence': 'IRSHLE', 'Agency': 'SII Ouest', 'Lieu': 'Rennes', 'Language': 'French (France)', 'Status': 'Published', 'Author': 'hlefevre', 'Updated Trier par ordre croissant': '14/03/2023 - 12:22', 'Last update by': 'timothee.potier', 'lien republication': '/fr-FR/offer/republish/2041?destination=/fr-FR/admin/content/offers%3Ftitle%3D%26agency%3DAll%26sii_language%3DAll%26status%3DAll%26page%3D0', 'lien suppression': '/fr-FR/node/2041/delete?destination=/fr-FR/admin/content/offers%3Ftitle%3D%26agency%3DAll%26sii_language%3DAll%26status%3DAll%26page%3D0'}, '1951': {'Title': 'Architecte Cloud H/F', 'Référence': 'ACL1', 'Agency': 'SII Ouest', 'Lieu': 'Rennes', 'Language': 'French (France)', 'Status': 'Published', 'Author': 'hlefevre', 'Updated Trier par ordre croissant': '14/03/2023 - 12:21', 'Last update by': 'timothee.potier', 'lien republication': '/fr-FR/offer/republish/1951?destination=/fr-FR/admin/content/offers%3Ftitle%3D%26agency%3DAll%26sii_language%3DAll%26status%3DAll%26page%3D0', 'lien suppression': '/fr-FR/node/1951/delete?destination=/fr-FR/admin/content/offers%3Ftitle%3D%26agency%3DAll%26sii_language%3DAll%26status%3DAll%26page%3D0'}, '3233': {'Title': 'Administrateur VMware H/F', 'Référence': 'HLEAVM', 'Agency': 'SII Ouest', 'Lieu': 'Rennes', 'Language': 'French (France)', 'Status': 'Published', 'Author': 'hlefevre', 'Updated Trier par ordre croissant': '14/03/2023 - 12:21', 'Last update by': 'timothee.potier', 'lien republication': '/fr-FR/offer/republish/3233?destination=/fr-FR/admin/content/offers%3Ftitle%3D%26agency%3DAll%26sii_language%3DAll%26status%3DAll%26page%3D0', 'lien suppression': '/fr-FR/node/3233/delete?destination=/fr-FR/admin/content/offers%3Ftitle%3D%26agency%3DAll%26sii_language%3DAll%26status%3DAll%26page%3D0'}, '1764': {'Title': 'Architecte Infrastructure H/F', 'Référence': 'AI', 'Agency': 'SII Ouest', 'Lieu': 'Rennes', 'Language': 'French (France)', 'Status': 'Published', 'Author': 'hlefevre', 'Updated Trier par ordre croissant': '14/03/2023 - 12:20', 'Last update by': 'timothee.potier', 'lien republication': '/fr-FR/offer/republish/1764?destination=/fr-FR/admin/content/offers%3Ftitle%3D%26agency%3DAll%26sii_language%3DAll%26status%3DAll%26page%3D0', 'lien suppression': '/fr-FR/node/1764/delete?destination=/fr-FR/admin/content/offers%3Ftitle%3D%26agency%3DAll%26sii_language%3DAll%26status%3DAll%26page%3D0'}, '4994': {'Title': 'Ingénieur Système Linux H/F', 'Référence': 'TPLINUX35', 'Agency': 'SII Ouest', 'Lieu': 'Rennes', 'Language': 'French (France)', 'Status': 'Published', 'Author': 'timothee.potier', 'Updated Trier par ordre croissant': '14/03/2023 - 12:20', 'Last update by': 'timothee.potier', 'lien republication': '/fr-FR/offer/republish/4994?destination=/fr-FR/admin/content/offers%3Ftitle%3D%26agency%3DAll%26sii_language%3DAll%26status%3DAll%26page%3D0', 'lien suppression': '/fr-FR/node/4994/delete?destination=/fr-FR/admin/content/offers%3Ftitle%3D%26agency%3DAll%26sii_language%3DAll%26status%3DAll%26page%3D0'}, '5087': {'Title': 'Développeur Java H/F', 'Référence': 'DEVSTAGE29', 'Agency': 'SII Ouest', 'Lieu': 'Brest', 'Language': 'French (France)', 'Status': 'Published', 'Author': 'marjorie.lhostis', 'Updated Trier par ordre croissant': '13/03/2023 - 16:26', 'Last update by': 'marjorie.lhostis', 'lien republication': '/fr-FR/offer/republish/5087?destination=/fr-FR/admin/content/offers%3Ftitle%3D%26agency%3DAll%26sii_language%3DAll%26status%3DAll%26page%3D0', 'lien suppression': '/fr-FR/node/5087/delete?destination=/fr-FR/admin/content/offers%3Ftitle%3D%26agency%3DAll%26sii_language%3DAll%26status%3DAll%26page%3D0'}, '4666': {'Title': 'Développeur full stack Java/Angular Stagiaire (F/H)', 'Référence': 'STAGE-DEV', 'Agency': 'SII Ouest', 'Lieu': 'Rennes', 'Language': 'French (France)', 'Status': 'Unpublished', 'Author': 'bjouault', 'Updated Trier par ordre croissant': '28/02/2023 - 09:50', 'Last update by': 'bjouault', 'lien republication': '/fr-FR/offer/republish/4666?destination=/fr-FR/admin/content/offers%3Ftitle%3D%26agency%3DAll%26sii_language%3DAll%26status%3DAll%26page%3D0'}, '2498': {'Title': 'Technicien support H/F', 'Référence': 'VIP', 'Agency': 'SII Ouest', 'Lieu': 'Le Mans', 'Language': 'French (France)', 'Status': 'Published', 'Author': 'julia.luconi', 'Updated Trier par ordre croissant': '23/02/2023 - 15:42', 'Last update by': 'julia.luconi', 'lien republication': '/fr-FR/offer/republish/2498?destination=/fr-FR/admin/content/offers%3Ftitle%3D%26agency%3DAll%26sii_language%3DAll%26status%3DAll%26page%3D0', 'lien suppression': '/fr-FR/node/2498/delete?destination=/fr-FR/admin/content/offers%3Ftitle%3D%26agency%3DAll%26sii_language%3DAll%26status%3DAll%26page%3D0'}, '5019': {'Title': 'Pilote de production H/F', 'Référence': 'PIL/PROD/CFO', 'Agency': 'SII Ouest', 'Lieu': 'Caen', 'Language': 'French (France)', 'Status': 'Published', 'Author': 'camille.fossey', 'Updated Trier par ordre croissant': '23/02/2023 - 15:37', 'Last update by': 'camille.fossey', 'lien republication': '/fr-FR/offer/republish/5019?destination=/fr-FR/admin/content/offers%3Ftitle%3D%26agency%3DAll%26sii_language%3DAll%26status%3DAll%26page%3D0', 'lien suppression': '/fr-FR/node/5019/delete?destination=/fr-FR/admin/content/offers%3Ftitle%3D%26agency%3DAll%26sii_language%3DAll%26status%3DAll%26page%3D0'}, '4725': {'Title': 'Ingénieur en Virtualisation H/F', 'Référence': 'ING/VIRTU/CFO', 'Agency': 'SII Ouest', 'Lieu': 'Caen', 'Language': 'French (France)', 'Status': 'Published', 'Author': 'camille.fossey', 'Updated Trier par ordre croissant': '23/02/2023 - 15:37', 'Last update by': 'camille.fossey', 'lien republication': '/fr-FR/offer/republish/4725?destination=/fr-FR/admin/content/offers%3Ftitle%3D%26agency%3DAll%26sii_language%3DAll%26status%3DAll%26page%3D0', 'lien suppression': '/fr-FR/node/4725/delete?destination=/fr-FR/admin/content/offers%3Ftitle%3D%26agency%3DAll%26sii_language%3DAll%26status%3DAll%26page%3D0'}, '4724': {'Title': 'Ingénieur Support H/F', 'Référence': 'ING/SUPP/CFO', 'Agency': 'SII Ouest', 'Lieu': 'Caen', 'Language': 'French (France)', 'Status': 'Published', 'Author': 'camille.fossey', 'Updated Trier par ordre croissant': '23/02/2023 - 15:37', 'Last update by': 'camille.fossey', 'lien republication': '/fr-FR/offer/republish/4724?destination=/fr-FR/admin/content/offers%3Ftitle%3D%26agency%3DAll%26sii_language%3DAll%26status%3DAll%26page%3D0', 'lien suppression': '/fr-FR/node/4724/delete?destination=/fr-FR/admin/content/offers%3Ftitle%3D%26agency%3DAll%26sii_language%3DAll%26status%3DAll%26page%3D0'}, '2011': {'Title': 'TEST TEST', 'Référence': 'CPEHLr', 'Agency': 'SII Ouest', 'Lieu': 'Rennes', 'Language': 'French (France)', 'Status': 'Published', 'Author': 'TEST', 'Updated Trier par ordre croissant': '12/04/2023 - 16:29', 'Last update by': 'timothee.potier', 'lien republication': '/fr-FR/offer/republish/2011?destination=/fr-FR/admin/content/offers%3Ftitle%3D%26agency%3DAll%26sii_language%3DAll%26status%3DAll%26page%3D0', 'lien suppression': '/fr-FR/node/2011/delete?destination=/fr-FR/admin/content/offers%3Ftitle%3D%26agency%3DAll%26sii_language%3DAll%26status%3DAll%26page%3D0'}, '2012': {'Title': 'TEST', 'Référence': 'CPEHLE', 'Agency': 'SII EST', 'Lieu': 'Strasbourg', 'Language': 'French (France)', 'Status': 'Published', 'Author': 'Robert', 'Updated Trier par ordre croissant': '12/04/2023 - 16:29', 'Last update by': 'timothee.potier', 'lien republication': '/fr-FR/offer/republish/2012?destination=/fr-FR/admin/content/offers%3Ftitle%3D%26agency%3DAll%26sii_language%3DAll%26status%3DAll%26page%3D0', 'lien suppression': '/fr-FR/node/2012/delete?destination=/fr-FR/admin/content/offers%3Ftitle%3D%26agency%3DAll%26sii_language%3DAll%26status%3DAll%26page%3D0'}}</msg>
<status status="PASS" starttime="20230504 16:58:23.756" endtime="20230504 16:58:23.757"/>
</kw>
<status status="PASS" starttime="20230504 16:58:07.708" endtime="20230504 16:58:23.758"/>
</kw>
<status status="PASS" starttime="20230504 16:58:06.129" endtime="20230504 16:58:23.759"/>
</test>
<status status="PASS" starttime="20230504 16:58:05.847" endtime="20230504 16:58:23.761"/>
</suite>
<statistics>
<total>
<stat pass="1" fail="0" skip="0">All Tests</stat>
</total>
<tag>
</tag>
<suite>
<stat pass="1" fail="0" skip="0" id="s1" name="Test">Test</stat>
</suite>
</statistics>
<errors>
</errors>
</robot>
